Inserted file: 15DPFP0100002260_21.pdf 17.3.2015 9:09:52
Inserted BAD file: 2.pdf 17.3.2015 9:09:54
Inserted BAD file: 2.pdf 17.3.2015 9:09:54
Inserted BAD file: 2.pdf 17.3.2015 9:09:54
Inserted file: 15DPOS0100000001_19.pdf 17.3.2015 9:09:57
Inserted file: 15DPFP0100001455_21.pdf 17.3.2015 9:09:59
Inserted BAD file: test.pdf 17.3.2015 9:10:02
Inserted file: 15DPFP0100002260_22.pdf 17.3.2015 9:19:55
Inserted BAD file: 2.pdf 17.3.2015 9:19:57
Inserted BAD file: 2.pdf 17.3.2015 9:19:57
Inserted BAD file: 2.pdf 17.3.2015 9:19:57
Inserted file: 15DPOS0100000001_20.pdf 17.3.2015 9:20:00
Inserted file: 15DPFP0100001455_22.pdf 17.3.2015 9:20:03
Inserted BAD file: test.pdf 17.3.2015 9:20:05
Inserted file: 15DPFP0100002260_23.pdf 17.3.2015 9:20:21
Inserted BAD file: 2.pdf 17.3.2015 9:20:23
Inserted BAD file: 2.pdf 17.3.2015 9:20:23
Inserted BAD file: 2.pdf 17.3.2015 9:20:23
Inserted file: 15DPOS0100000001_21.pdf 17.3.2015 9:20:26
Inserted file: 15DPFP0100001455_23.pdf 17.3.2015 9:20:29
Inserted BAD file: test.pdf 17.3.2015 9:20:31
Inserted file: 15DPFP0100002395_1.PDF 17.3.2015 10:13:35
Inserted file: 15DPFP0100002395_2.PDF 17.3.2015 10:13:41
Inserted file: 15DPFP0100002395_1.PDF 17.3.2015 10:14:50
Inserted file: 15DPFP0100002395_2.PDF 17.3.2015 10:14:56
Inserted BAD file: sken_20150317093037.PDF 17.3.2015 10:58:45
Inserted file: 15DPFP0100002260_1.pdf 17.3.2015 11:08:07
Inserted BAD file: 2.pdf 17.3.2015 11:08:09
Inserted BAD file: 2.pdf 17.3.2015 11:08:09
Inserted BAD file: 2.pdf 17.3.2015 11:08:09
Inserted file: 15DPOS0100000001_1.pdf 17.3.2015 11:08:12
Inserted file: 15DPFP0100001455_1.pdf 17.3.2015 11:08:14
Inserted BAD file: sken_20150317093021.PDF 17.3.2015 11:08:18
Inserted BAD file: sken_20150317093037.PDF 17.3.2015 11:08:21
Inserted file: 15DPFP0100002395_3.PDF 17.3.2015 11:08:30
Inserted file: 15DPFP0100002395_4.PDF 17.3.2015 11:08:35
Inserted BAD file: test.pdf 17.3.2015 11:08:38
Inserted BAD file: 15DPFP0100002395_1.PDF 18.3.2015 12:08:21
Inserted BAD file: 15DPFP0100002395_1.PDF 18.3.2015 12:10:21
Inserted BAD file: 15DPFP0100002395_1.PDF 18.3.2015 12:11:57
Inserted file: 15DPFP0100002260_2.pdf 18.3.2015 12:12:45
Inserted BAD file: 2.pdf 18.3.2015 12:13:03
Inserted BAD file: 2.pdf 18.3.2015 12:13:03
Inserted BAD file: 2.pdf 18.3.2015 12:13:03
Inserted BAD file: 2.pdf 18.3.2015 12:13:03
Inserted BAD file: 4.pdf 18.3.2015 12:13:23
Inserted BAD file: 15DPFP0100002395_1.PDF 18.3.2015 12:13:23
Inserted file: 15DPFP0100002260_1.pdf 18.3.2015 12:14:25
Inserted BAD file: 2.pdf 18.3.2015 12:14:43
Inserted BAD file: 2.pdf 18.3.2015 12:14:43
Inserted BAD file: 2.pdf 18.3.2015 12:14:43
Inserted BAD file: 2.pdf 18.3.2015 12:14:43
Inserted BAD file: 4.pdf 18.3.2015 12:15:03
Inserted file: 15DPFP0100002395_1.PDF 18.3.2015 12:15:38
Inserted BAD file: sken_20150318115203.PDF 18.3.2015 12:16:47
Inserted BAD file: sken_20150318123116.PDF 18.3.2015 12:31:08
Inserted BAD file: sken_20150318123116.PDF 18.3.2015 12:31:58
Inserted BAD file: sken_20150318123116.PDF 18.3.2015 12:32:31
Inserted BAD file: sken_20150318123258.PDF 18.3.2015 12:32:35
Inserted BAD file: sken_20150318123116.PDF 18.3.2015 12:33:33
Inserted BAD file: sken_20150318123258.PDF 18.3.2015 12:33:37
Inserted BAD file: sken_20150318123359.PDF 18.3.2015 12:33:41
Inserted BAD file: sken_20150318123506.PDF 18.3.2015 12:34:46
Inserted BAD file: Thumbs.db 18.3.2015 12:34:46
Inserted BAD file: sken_20150318123658.PDF 18.3.2015 12:36:32
Inserted BAD file: Thumbs.db 18.3.2015 12:36:32
Inserted BAD file: sken_20150318123658.PDF 18.3.2015 12:36:53
Inserted BAD file: Thumbs.db 18.3.2015 12:36:53
Inserted BAD file: sken_20150318123658.PDF 18.3.2015 12:37:21
Inserted BAD file: Thumbs.db 18.3.2015 12:37:21
Inserted BAD file: sken_20150318123658.PDF 18.3.2015 12:37:37
Inserted BAD file: Thumbs.db 18.3.2015 12:37:37
Inserted BAD file: sken_20150318123658.PDF 18.3.2015 12:38:28
Inserted BAD file: Thumbs.db 18.3.2015 12:38:28
Inserted file: 15DPFP0100002260_1.pdf 18.3.2015 12:39:06
Inserted BAD file: 2.pdf 18.3.2015 12:39:09
Inserted BAD file: 2.pdf 18.3.2015 12:39:09
Inserted BAD file: 2.pdf 18.3.2015 12:39:09
Inserted file: 15DPOS0100000001_1.pdf 18.3.2015 12:39:12
Inserted file: 15DPFP0100001455_1.pdf 18.3.2015 12:39:15
Inserted BAD file: test.pdf 18.3.2015 12:39:18
Inserted BAD file: Thumbs.db 18.3.2015 12:39:18
Inserted BAD file: sken_20150318124159.PDF 18.3.2015 12:41:34
Inserted BAD file: Thumbs.db 18.3.2015 12:41:34
Inserted BAD file: sken_20150318124358.PDF 18.3.2015 12:43:32
Inserted BAD file: Thumbs.db 18.3.2015 12:43:32
Inserted BAD file: sken_20150318124452.PDF 18.3.2015 12:44:29
Inserted BAD file: Thumbs.db 18.3.2015 12:44:29
Inserted BAD file: sken_20150318124452.PDF 18.3.2015 12:45:09
Inserted BAD file: Thumbs.db 18.3.2015 12:45:10
Inserted BAD file: erte.PDF 18.3.2015 12:46:00
Inserted BAD file: Thumbs.db 18.3.2015 12:46:00
Inserted BAD file: sken_20150318124817.PDF 18.3.2015 12:47:58
Inserted BAD file: Thumbs.db 18.3.2015 12:47:58
Inserted BAD file: sken_20150318125144.PDF 18.3.2015 12:51:23
Inserted BAD file: Thumbs.db 18.3.2015 12:51:23
Inserted BAD file: Thumbs.db 18.3.2015 12:53:17
Inserted BAD file: Thumbs.db 18.3.2015 12:53:34
Inserted BAD file: sken_20150318125441.PDF 18.3.2015 12:54:19
Inserted BAD file: Thumbs.db 18.3.2015 12:54:19
Inserted BAD file: sken_20150318125441.PDF 18.3.2015 13:01:52
Inserted BAD file: Thumbs.db 18.3.2015 13:01:52
Inserted BAD file: sken_20150318125441.PDF 18.3.2015 13:02:03
Inserted BAD file: Thumbs.db 18.3.2015 13:02:03
Inserted BAD file: scan_20150318132026.PDF 18.3.2015 13:23:34
Inserted BAD file: scan_20150318132155.PDF 18.3.2015 13:23:40
Inserted BAD file: sken_20150318125441.PDF 18.3.2015 13:23:45
Inserted BAD file: Thumbs.db 18.3.2015 13:23:45
Inserted BAD file: scan_20150318132537.PDF 18.3.2015 13:25:17
Inserted BAD file: Thumbs.db 18.3.2015 13:25:17
Inserted BAD file: scan_20150318132635.PDF 18.3.2015 13:26:21
Inserted BAD file: Thumbs.db 18.3.2015 13:26:21
Inserted BAD file: scan_20150318132635.PDF 18.3.2015 13:26:45
Inserted BAD file: Thumbs.db 18.3.2015 13:26:45
Inserted BAD file: Thumbs.db 18.3.2015 13:26:57
Inserted BAD file: scan_20150318132736.PDF 18.3.2015 13:27:15
Inserted BAD file: Thumbs.db 18.3.2015 13:27:15
Inserted BAD file: scan_20150318132736.PDF 18.3.2015 13:27:32
Inserted BAD file: Thumbs.db 18.3.2015 13:27:32
Inserted BAD file: 300mala.PDF 18.3.2015 13:27:49
Inserted BAD file: Thumbs.db 18.3.2015 13:27:49
Inserted BAD file: 300mala.PDF 18.3.2015 13:28:06
Inserted BAD file: Thumbs.db 18.3.2015 13:28:06
Inserted BAD file: 300mala.PDF 18.3.2015 13:28:22
Inserted BAD file: Thumbs.db 18.3.2015 13:28:23
Inserted BAD file: 300mala.PDF 18.3.2015 13:28:38
Inserted BAD file: Thumbs.db 18.3.2015 13:28:38
Inserted BAD file: Thumbs.db 18.3.2015 13:29:18
Inserted BAD file: 200vetsi.PDF 18.3.2015 13:29:36
Inserted BAD file: Thumbs.db 18.3.2015 13:29:36
Inserted BAD file: Thumbs.db 18.3.2015 13:29:48
Inserted BAD file: Thumbs.db 18.3.2015 13:30:00
Inserted BAD file: Thumbs.db 18.3.2015 13:30:12
Inserted BAD file: Thumbs.db 18.3.2015 13:30:24
Inserted BAD file: Thumbs.db 18.3.2015 13:30:36
Inserted BAD file: Thumbs.db 18.3.2015 13:30:48
Inserted BAD file: Thumbs.db 18.3.2015 13:31:00
Inserted BAD file: scan_20150318133149.PDF 18.3.2015 13:31:18
Inserted BAD file: Thumbs.db 18.3.2015 13:31:18
Inserted BAD file: scan_20150318133149.PDF 18.3.2015 13:31:33
Inserted BAD file: Thumbs.db 18.3.2015 13:31:33
Inserted BAD file: scan_20150318133149.PDF 18.3.2015 13:31:49
Inserted BAD file: Thumbs.db 18.3.2015 13:31:49
Inserted BAD file: scan_20150318133149.PDF 18.3.2015 13:32:06
Inserted BAD file: Thumbs.db 18.3.2015 13:32:06
Inserted BAD file: scan_20150318133149.PDF 18.3.2015 13:32:21
Inserted BAD file: Thumbs.db 18.3.2015 13:32:21
Inserted BAD file: Thumbs.db 18.3.2015 13:32:33
Inserted BAD file: scan_20150318133323.PDF 18.3.2015 13:32:51
Inserted BAD file: Thumbs.db 18.3.2015 13:32:51
Inserted BAD file: 300nor.PDF 18.3.2015 13:33:09
Inserted BAD file: Thumbs.db 18.3.2015 13:33:09
Inserted BAD file: Thumbs.db 18.3.2015 13:33:21
Inserted BAD file: Thumbs.db 18.3.2015 13:33:33
Inserted BAD file: Thumbs.db 18.3.2015 13:33:45
Inserted BAD file: scan_20150318133437.PDF 18.3.2015 13:34:04
Inserted BAD file: Thumbs.db 18.3.2015 13:34:04
Inserted BAD file: 400nor.PDF 18.3.2015 13:34:23
Inserted BAD file: Thumbs.db 18.3.2015 13:34:23
Inserted BAD file: 400nor.PDF 18.3.2015 13:34:29
Inserted BAD file: Thumbs.db 18.3.2015 13:34:29
Inserted BAD file: Thumbs.db 18.3.2015 13:34:40
Inserted BAD file: Thumbs.db 18.3.2015 13:34:52
Inserted BAD file: scan_20150318133549.PDF 18.3.2015 13:35:09
Inserted BAD file: Thumbs.db 18.3.2015 13:35:09
Inserted BAD file: 2001.PDF 18.3.2015 13:35:18
Inserted BAD file: Thumbs.db 18.3.2015 13:35:18
Inserted BAD file: 2001.PDF 18.3.2015 13:35:34
Inserted BAD file: Thumbs.db 18.3.2015 13:35:34
Inserted BAD file: Thumbs.db 18.3.2015 13:35:46
Inserted BAD file: scan_20150318133642.PDF 18.3.2015 13:36:03
Inserted BAD file: Thumbs.db 18.3.2015 13:36:04
Inserted BAD file: 2002.PDF 18.3.2015 13:36:20
Inserted BAD file: Thumbs.db 18.3.2015 13:36:20
Inserted BAD file: 2002.PDF 18.3.2015 13:36:46
Inserted BAD file: Thumbs.db 18.3.2015 13:36:46
Inserted BAD file: 2002.PDF 18.3.2015 13:37:01
Inserted BAD file: Thumbs.db 18.3.2015 13:37:01
Inserted BAD file: 2002.PDF 18.3.2015 13:37:16
Inserted BAD file: Thumbs.db 18.3.2015 13:37:17
Inserted BAD file: Thumbs.db 18.3.2015 13:37:28
Inserted BAD file: Thumbs.db 18.3.2015 13:37:40
Inserted BAD file: 200M.PDF 18.3.2015 13:37:52
Inserted BAD file: Thumbs.db 18.3.2015 13:37:52
Inserted BAD file: Thumbs.db 18.3.2015 13:38:04
Inserted BAD file: Thumbs.db 18.3.2015 13:38:16
Inserted BAD file: Thumbs.db 18.3.2015 13:38:28
Inserted BAD file: scan_20150318133916.PDF 18.3.2015 13:38:44
Inserted BAD file: Thumbs.db 18.3.2015 13:38:44
Inserted BAD file: 200M1.PDF 18.3.2015 13:38:51
Inserted BAD file: Thumbs.db 18.3.2015 13:38:52
Inserted BAD file: 200M1.PDF 18.3.2015 13:39:06
Inserted BAD file: Thumbs.db 18.3.2015 13:39:06
Inserted BAD file: 200M1.PDF 18.3.2015 13:39:19
Inserted BAD file: Thumbs.db 18.3.2015 13:39:19
Inserted BAD file: 200M1.PDF 18.3.2015 13:39:33
Inserted BAD file: Thumbs.db 18.3.2015 13:39:33
Inserted BAD file: Thumbs.db 18.3.2015 13:39:45
Inserted BAD file: scan_20150318134032.PDF 18.3.2015 13:40:00
Inserted BAD file: Thumbs.db 18.3.2015 13:40:00
Inserted BAD file: scan_20150318134032.PDF 18.3.2015 13:40:14
Inserted BAD file: Thumbs.db 18.3.2015 13:40:15
Inserted BAD file: scan_20150318134159.PDF 18.3.2015 13:41:29
Inserted BAD file: Thumbs.db 18.3.2015 13:41:29
Inserted BAD file: scan_20150318134314.PDF 18.3.2015 13:43:05
Inserted BAD file: Thumbs.db 18.3.2015 13:43:05
Inserted BAD file: 2003.PDF 18.3.2015 13:46:29
Inserted BAD file: Thumbs.db 18.3.2015 13:46:29
Inserted BAD file: scan_20150318134743.PDF 18.3.2015 13:47:08
Inserted BAD file: Thumbs.db 18.3.2015 13:47:08
Inserted BAD file: scan_20150318134743.PDF 18.3.2015 13:48:23
Inserted BAD file: scan_20150318134847.PDF 18.3.2015 13:48:26
Inserted BAD file: Thumbs.db 18.3.2015 13:48:26
Inserted BAD file: scan_20150318135015.PDF 18.3.2015 13:49:40
Inserted BAD file: Thumbs.db 18.3.2015 13:49:40
Inserted BAD file: scan_20150318135015.PDF 18.3.2015 13:51:18
Inserted BAD file: scan_20150318135116.PDF 18.3.2015 13:51:21
Inserted BAD file: scan_20150318135131.PDF 18.3.2015 13:51:23
Inserted BAD file: scan_20150318135149.PDF 18.3.2015 13:51:27
Inserted BAD file: Thumbs.db 18.3.2015 13:51:27
Inserted BAD file: scan_20150318135015.PDF 18.3.2015 14:00:41
Inserted BAD file: scan_20150318135116.PDF 18.3.2015 14:00:43
Inserted BAD file: scan_20150318135131.PDF 18.3.2015 14:00:46
Inserted BAD file: scan_20150318135149.PDF 18.3.2015 14:00:49
Inserted BAD file: Thumbs.db 18.3.2015 14:00:49
Inserted BAD file: scan_20150318135015.PDF 18.3.2015 14:01:01
Inserted BAD file: scan_20150318135116.PDF 18.3.2015 14:01:03
Inserted BAD file: scan_20150318135131.PDF 18.3.2015 14:01:06
Inserted BAD file: scan_20150318135149.PDF 18.3.2015 14:01:08
Inserted BAD file: Thumbs.db 18.3.2015 14:01:09
Inserted BAD file: scan_20150318135015.PDF 18.3.2015 14:01:21
Inserted BAD file: scan_20150318135116.PDF 18.3.2015 14:01:23
Inserted BAD file: scan_20150318135131.PDF 18.3.2015 14:01:26
Inserted BAD file: scan_20150318135149.PDF 18.3.2015 14:01:28
Inserted BAD file: Thumbs.db 18.3.2015 14:01:29
Inserted BAD file: 2001.PDF 18.3.2015 14:01:51
Inserted BAD file: 2002.PDF 18.3.2015 14:01:54
Inserted BAD file: 2003.PDF 18.3.2015 14:01:57
Inserted BAD file: 200M.PDF 18.3.2015 14:02:00
Inserted BAD file: 200M1.PDF 18.3.2015 14:02:03
Inserted BAD file: 200norm.PDF 18.3.2015 14:02:07
Inserted BAD file: 200vetsi.PDF 18.3.2015 14:02:10
Inserted BAD file: 300mala.PDF 18.3.2015 14:02:14
Inserted BAD file: 300n.PDF 18.3.2015 14:02:17
Inserted BAD file: 300nor.PDF 18.3.2015 14:02:21
Inserted BAD file: 400nor.PDF 18.3.2015 14:02:24
Inserted BAD file: scan_20150318134159.PDF 18.3.2015 14:02:27
Inserted BAD file: scan_20150318134314.PDF 18.3.2015 14:02:29
Inserted BAD file: scan_20150318134743.PDF 18.3.2015 14:02:32
Inserted BAD file: scan_20150318134847.PDF 18.3.2015 14:02:34
Inserted BAD file: scan_20150318135015.PDF 18.3.2015 14:02:36
Inserted BAD file: scan_20150318135116.PDF 18.3.2015 14:02:39
Inserted BAD file: scan_20150318135131.PDF 18.3.2015 14:02:41
Inserted BAD file: scan_20150318135149.PDF 18.3.2015 14:02:44
Inserted file: 15DPFP0100002260_1.pdf 18.3.2015 14:04:04
Inserted BAD file: 2.pdf 18.3.2015 14:04:06
Inserted BAD file: 2.pdf 18.3.2015 14:04:06
Inserted BAD file: 2.pdf 18.3.2015 14:04:06
Inserted file: 15DPOS0100000001_1.pdf 18.3.2015 14:04:09
Inserted file: 15DPFP0100001455_1.pdf 18.3.2015 14:04:12
Inserted file: 15DPFP0100002260_1.pdf 18.3.2015 14:05:25
Inserted BAD file: 2.pdf 18.3.2015 14:05:28
Inserted BAD file: 2.pdf 18.3.2015 14:05:28
Inserted BAD file: 2.pdf 18.3.2015 14:05:28
Inserted file: 15DPOS0100000001_1.pdf 18.3.2015 14:05:30
Inserted file: 15DPFP0100001455_1.pdf 18.3.2015 14:05:33
Inserted file: 15DPFP0100002260_2.pdf 18.3.2015 14:07:30
Inserted BAD file: 2.pdf 18.3.2015 14:07:33
Inserted BAD file: 2.pdf 18.3.2015 14:07:33
Inserted BAD file: 2.pdf 18.3.2015 14:07:33
Inserted file: 15DPOS0100000001_2.pdf 18.3.2015 14:07:35
Inserted file: 15DPFP0100001455_2.pdf 18.3.2015 14:07:38
Inserted BAD file: scan_20150318135015.PDF 19.3.2015 6:30:51
Inserted BAD file: scan_20150318135116.PDF 19.3.2015 6:30:54
Inserted BAD file: scan_20150318135131.PDF 19.3.2015 6:30:56
Inserted BAD file: scan_20150318135149.PDF 19.3.2015 6:30:59
Inserted BAD file: scan_20150318141626.PDF 19.3.2015 6:31:04
Inserted BAD file: scan_20150318141648.PDF 19.3.2015 6:31:09
Inserted BAD file: scan_20150318135015.PDF 19.3.2015 6:32:50
Inserted BAD file: scan_20150318135116.PDF 19.3.2015 6:32:52
Inserted BAD file: scan_20150318135131.PDF 19.3.2015 6:32:54
Inserted BAD file: scan_20150318135149.PDF 19.3.2015 6:32:57
Inserted BAD file: scan_20150318141626.PDF 19.3.2015 6:33:02
Inserted BAD file: scan_20150318141648.PDF 19.3.2015 6:33:07
Inserted BAD file: 200norm.PDF 19.3.2015 6:39:32
Inserted BAD file: scan_20150318134314.PDF 19.3.2015 6:39:35
Inserted BAD file: 200norm.PDF 19.3.2015 6:40:07
Inserted BAD file: scan_20150318134314.PDF 19.3.2015 6:40:09
Inserted BAD file: 200norm.PDF 19.3.2015 6:40:48
Inserted BAD file: scan_20150318134314.PDF 19.3.2015 6:40:51
Inserted BAD file: 200norm.PDF 19.3.2015 6:41:30
Inserted BAD file: scan_20150318134314.PDF 19.3.2015 6:41:33
Inserted BAD file: 200norm.PDF 19.3.2015 6:41:51
Inserted BAD file: scan_20150318134314.PDF 19.3.2015 6:41:54
Inserted BAD file: 200norm.PDF 19.3.2015 6:42:04
Inserted BAD file: scan_20150318134314.PDF 19.3.2015 6:42:07
Inserted BAD file: 200norm.PDF 19.3.2015 6:51:22
Inserted BAD file: scan_20150318134314.PDF 19.3.2015 6:51:25
Inserted BAD file: 200norm.PDF 19.3.2015 6:52:10
Inserted BAD file: scan_20150318134314.PDF 19.3.2015 6:52:13
Inserted BAD file: 200norm.PDF 19.3.2015 6:52:41
Inserted BAD file: scan_20150318134314.PDF 19.3.2015 6:52:43
Inserted BAD file: 200norm.PDF 19.3.2015 6:52:56
Inserted BAD file: scan_20150318134314.PDF 19.3.2015 6:52:59
Inserted BAD file: 200norm.PDF 19.3.2015 6:53:09
Inserted BAD file: scan_20150318134314.PDF 19.3.2015 6:53:12
Inserted BAD file: 200norm.PDF 19.3.2015 7:02:57
Inserted BAD file: scan_20150318134314.PDF 19.3.2015 7:03:07
Inserted BAD file: 200norm.PDF 19.3.2015 7:14:13
Inserted BAD file: scan_20150318134314.PDF 19.3.2015 7:14:29
Inserted BAD file: 200norm.PDF 19.3.2015 7:15:56
Inserted BAD file: scan_20150318134314.PDF 19.3.2015 7:15:59
Inserted BAD file: 200norm.PDF 19.3.2015 7:17:21
Inserted BAD file: scan_20150318134314.PDF 19.3.2015 7:17:24
Inserted BAD file: 200norm.PDF 19.3.2015 7:21:32
Inserted BAD file: scan_20150318134314.PDF 19.3.2015 7:21:36
Inserted BAD file: 200norm.PDF 19.3.2015 7:23:11
Inserted BAD file: scan_20150318134314.PDF 19.3.2015 7:23:15
Inserted BAD file: 200norm.PDF 19.3.2015 7:23:24
Inserted BAD file: scan_20150318134314.PDF 19.3.2015 7:23:28
Inserted BAD file: 200norm.PDF 19.3.2015 7:26:57
Inserted BAD file: scan_20150318134314.PDF 19.3.2015 7:27:01
Inserted BAD file: 200norm.PDF 19.3.2015 7:42:08
Inserted BAD file: scan_20150318134314.PDF 19.3.2015 7:42:12
Inserted BAD file: 200norm.PDF 19.3.2015 7:42:52
Inserted BAD file: scan_20150318134314.PDF 19.3.2015 7:42:56
Inserted BAD file: 200norm.PDF 19.3.2015 7:44:09
Inserted BAD file: scan_20150318134314.PDF 19.3.2015 7:44:13
Inserted BAD file: 200norm.PDF 19.3.2015 7:44:39
Inserted BAD file: scan_20150318134314.PDF 19.3.2015 7:44:42
Inserted BAD file: 200norm.PDF 19.3.2015 7:44:44
Inserted BAD file: scan_20150318134314.PDF 19.3.2015 7:44:48
Inserted BAD file: 200norm.PDF 19.3.2015 7:44:59
Inserted BAD file: scan_20150318134314.PDF 19.3.2015 7:45:01
Inserted BAD file: 200norm.PDF 19.3.2015 7:46:00
Inserted BAD file: scan_20150318134314.PDF 19.3.2015 7:46:03
Inserted BAD file: 200norm.PDF 19.3.2015 7:47:22
Inserted BAD file: scan_20150318134314.PDF 19.3.2015 7:47:26
Inserted BAD file: 200norm.PDF 19.3.2015 7:55:14
Inserted BAD file: scan_20150318134314.PDF 19.3.2015 7:55:18
Inserted BAD file: 200norm.PDF 19.3.2015 7:55:51
Inserted BAD file: scan_20150318134314.PDF 19.3.2015 7:55:55
Inserted BAD file: 200norm.PDF 19.3.2015 7:57:42
Inserted BAD file: scan_20150318134314.PDF 19.3.2015 7:57:46
Inserted BAD file: 200norm.PDF 19.3.2015 8:03:12
Inserted BAD file: scan_20150318134314.PDF 19.3.2015 8:03:16
Inserted BAD file: 200norm.PDF 19.3.2015 8:03:22
Inserted BAD file: scan_20150318134314.PDF 19.3.2015 8:03:26
Inserted BAD file: 200norm.PDF 19.3.2015 8:09:11
Inserted BAD file: scan_20150318134314.PDF 19.3.2015 8:09:55
Inserted BAD file: 200norm.PDF 19.3.2015 8:11:06
Inserted BAD file: scan_20150318134314.PDF 19.3.2015 8:11:52
Inserted BAD file: 2001.PDF 19.3.2015 8:20:55
Inserted BAD file: 2002.PDF 19.3.2015 8:21:38
Inserted BAD file: 2003.PDF 19.3.2015 8:22:22
Inserted BAD file: 200M.PDF 19.3.2015 8:23:05
Inserted BAD file: 200M1.PDF 19.3.2015 8:23:48
Inserted BAD file: 200norm.PDF 19.3.2015 8:24:30
Inserted BAD file: 200vetsi.PDF 19.3.2015 8:25:14
Inserted BAD file: 2001.PDF 19.3.2015 8:26:12
Inserted BAD file: 2002.PDF 19.3.2015 8:26:19
Inserted BAD file: 2003.PDF 19.3.2015 8:26:26
Inserted BAD file: 200M.PDF 19.3.2015 8:26:33
Inserted BAD file: 200M1.PDF 19.3.2015 8:26:40
Inserted BAD file: 200norm.PDF 19.3.2015 8:26:47
Inserted BAD file: 200vetsi.PDF 19.3.2015 8:26:54
Inserted BAD file: 300mala.PDF 19.3.2015 8:27:01
Inserted BAD file: 300n.PDF 19.3.2015 8:27:08
Inserted BAD file: 300nor.PDF 19.3.2015 8:27:16
Inserted file: 15DPFP0100002381_1.PDF 19.3.2015 8:27:23
Inserted BAD file: scan_20150318134314.PDF 19.3.2015 8:27:31
Inserted file: 15DPFP0100002395_1.PDF 19.3.2015 8:27:44
Inserted file: 15DPFP0100002381_1.PDF 19.3.2015 8:30:04
Inserted file: 15DPFP0100002381_1.PDF 19.3.2015 8:41:33
Inserted BAD file: 300n.PDF 19.3.2015 8:41:36
Inserted file: 15DPFP0100002381_2.PDF 19.3.2015 8:41:39
Inserted file: 15DPFP0100002381_3.PDF 19.3.2015 8:41:42
Inserted file: 15DPFP0100002381_1.PDF 19.3.2015 9:11:23
Inserted BAD file: scan_20150319090341.PDF 19.3.2015 9:11:27
Inserted file: 15DPFP0100002477_1.PDF 19.3.2015 9:19:31
Inserted file: 15DPFP0100002477_1.PDF 19.3.2015 9:19:42
Inserted file: 15DPFP0100002381_1.PDF 19.3.2015 9:25:14
Inserted BAD file: scan_20150319090341.PDF 19.3.2015 9:25:17
Inserted file: 15DPFP0100002477_1.PDF 19.3.2015 9:25:20
Inserted BAD file: Thumbs.db 19.3.2015 9:25:20
Inserted file: 15DPFP0100002477_1.PDF 19.3.2015 9:25:43
Inserted BAD file: Thumbs.db 19.3.2015 9:25:43
Inserted file: 15DPFP0100002477_1.PDF 19.3.2015 9:30:34
Inserted file: 15DPFP0100002477_2.PDF 19.3.2015 9:30:49
Inserted file: 15DPFP0100002477_1.PDF 19.3.2015 9:31:19
Inserted file: 15DPFP0100002477_1.PDF 19.3.2015 9:31:46
Inserted file: 15DPFP0100002477_2.PDF 19.3.2015 9:32:09
Inserted BAD file: 200norm.PDF 19.3.2015 9:32:35
Inserted BAD file: 200norm.PDF 19.3.2015 9:32:50
Inserted file: 15DPFP0100002477_3.PDF 19.3.2015 9:33:04
Inserted file: 15DPFP0100002477_4.PDF 19.3.2015 9:33:17
Inserted file: 15DPFP0100002381_1.PDF 19.3.2015 10:38:29
Inserted file: 15DPFP0100002477_1.PDF 19.3.2015 10:38:32
Inserted file: 15DPFP0100002381_2.PDF 19.3.2015 10:41:47
Inserted file: 15DPFP0100002477_2.PDF 19.3.2015 10:41:50
Inserted file: 15DPFP0100002477_1.PDF 19.3.2015 11:00:21
Inserted file: 15DPFP0100002477_2.PDF 19.3.2015 11:01:15
Inserted file: 15DPFP0100002381_3.PDF 19.3.2015 11:01:55
Inserted BAD file: scan_20150319091846.PDF1.png 19.3.2015 11:01:55
Inserted file: 15DPFP0100002477_3.PDF 19.3.2015 11:01:58
Inserted file: 15DPFP0100002381_1.PDF 19.3.2015 11:03:03
Inserted file: 15DPFP0100002381_2.PDF 19.3.2015 11:03:25
Inserted file: 15DPFP0100002477_1.PDF 19.3.2015 11:03:29
Inserted file: 15DPFP0100002381_3.PDF 19.3.2015 11:03:36
Inserted file: 15DPFP0100002477_2.PDF 19.3.2015 11:03:39
Inserted file: 15DPFP0100002381_4.PDF 19.3.2015 11:03:54
Inserted file: 15DPFP0100002477_3.PDF 19.3.2015 11:03:57
Inserted file: 15DPFP0100002381_5.PDF 19.3.2015 11:04:12
Inserted file: 15DPFP0100002477_4.PDF 19.3.2015 11:04:15
Inserted file: 15DPFP0100002381_6.PDF 19.3.2015 11:04:27
Inserted file: 15DPFP0100002477_5.PDF 19.3.2015 11:04:30
Inserted file: 15DPFP0100002381_7.PDF 19.3.2015 11:04:45
Inserted file: 15DPFP0100002477_6.PDF 19.3.2015 11:04:48
Inserted file: 15DPFP0100002381_8.PDF 19.3.2015 11:05:03
Inserted file: 15DPFP0100002477_7.PDF 19.3.2015 11:05:06
Inserted file: 15DPFP0100002381_9.PDF 19.3.2015 11:05:19
Inserted file: 15DPFP0100002477_8.PDF 19.3.2015 11:05:22
Inserted file: 15DPFP0100002381_10.PDF 19.3.2015 11:12:11
Inserted file: 15DPFP0100002477_9.PDF 19.3.2015 11:12:14
Inserted file: 15DPFP0100002381_11.PDF 19.3.2015 11:12:27
Inserted file: 15DPFP0100002477_10.PDF 19.3.2015 11:12:30
Inserted file: 15DPFP0100002381_12.PDF 19.3.2015 11:12:45
Inserted file: 15DPFP0100002477_11.PDF 19.3.2015 11:12:48
Inserted file: 15DPFP0100002381_13.PDF 19.3.2015 11:13:01
Inserted file: 15DPFP0100002477_12.PDF 19.3.2015 11:13:04
Inserted file: 15DPFP0100002381_14.PDF 19.3.2015 11:13:18
Inserted file: 15DPFP0100002477_13.PDF 19.3.2015 11:13:21
Inserted file: 15DPFP0100002381_15.PDF 19.3.2015 11:13:34
Inserted file: 15DPFP0100002477_14.PDF 19.3.2015 11:13:37
Inserted file: 15DPFP0100002477_1.PDF 19.3.2015 11:13:47
Inserted file: 15DPFP0100002381_16.PDF 19.3.2015 11:14:05
Inserted BAD file: scan_20150319091846.PDF1.png 19.3.2015 11:14:05
Inserted file: 15DPFP0100002477_15.PDF 19.3.2015 11:14:08
Inserted file: 15DPFP0100002477_2.PDF 19.3.2015 11:16:25
Inserted file: 15DPFP0100002477_3.PDF 19.3.2015 11:16:33
Inserted file: 15DPFP0100002381_17.PDF 19.3.2015 11:17:16
Inserted BAD file: scan_20150319091846.PDF1.png 19.3.2015 11:17:16
Inserted file: 15DPFP0100002477_16.PDF 19.3.2015 11:17:19
Inserted file: 15DPFP0100002381_18.PDF 19.3.2015 11:17:24
Inserted BAD file: scan_20150319091846.PDF1.png 19.3.2015 11:17:50
Inserted file: 15DPFP0100002477_17.PDF 19.3.2015 11:18:05
Inserted file: 15DPFP0100002381_19.PDF 19.3.2015 11:22:04
Inserted BAD file: scan_20150319091846.PDF1.png 19.3.2015 11:22:15
Inserted file: 15DPFP0100002477_18.PDF 19.3.2015 11:22:30
Inserted BAD file: scan_20150318135116.PDF 19.3.2015 11:24:25
Inserted BAD file: 200norm.PDF 19.3.2015 11:31:12
Inserted file: 15DPFP0100002381_1.PDF 19.3.2015 11:31:20
Inserted file: 15DPFP0100002381_2.PDF 19.3.2015 11:31:29
Inserted file: 15DPFP0100002381_3.PDF 19.3.2015 11:31:33
Inserted BAD file: 200norm.PDF 19.3.2015 11:31:37
Inserted file: 15DPFP0100002381_1.PDF 19.3.2015 11:31:53
Inserted file: 15DPFP0100002381_2.PDF 19.3.2015 11:32:05
Inserted file: 15DPFP0100002477_1.PDF 19.3.2015 11:32:11
Inserted BAD file: 200norm.PDF 19.3.2015 11:32:31
Inserted file: 15DPFP0100002381_1.PDF 19.3.2015 11:32:35
Inserted file: 15DPFP0100002381_2.PDF 19.3.2015 11:32:39
Inserted file: 15DPFP0100002477_1.PDF 19.3.2015 11:32:43
Inserted BAD file: scan_20150323135427 (Prohlížení).pdf 24.3.2015 5:58:12
Inserted BAD file: scan_20150323143652 (Prohlížení).pdf 24.3.2015 5:58:12
Inserted BAD file: scan_20150323135427 (Prohlížení).pdf 24.3.2015 5:58:25
Inserted BAD file: scan_20150323143652 (Prohlížení).pdf 24.3.2015 5:58:25
Inserted BAD file: scan_20150323135427.pdf 24.3.2015 6:06:30
Inserted file: 15DPFP0100002562_1.pdf 24.3.2015 6:06:30
Inserted BAD file: scan_20150323143652.pdf 24.3.2015 6:06:34
Inserted file: 15DPFP0100002587_1.pdf 24.3.2015 6:06:34
Inserted BAD file: scan_20150323135427.pdf 24.3.2015 6:07:06
Inserted file: 15DPFP0100002562_1.pdf 24.3.2015 6:07:06
Inserted BAD file: scan_20150323143652.pdf 24.3.2015 6:07:10
Inserted file: 15DPFP0100002587_1.pdf 24.3.2015 6:07:10
Inserted BAD file: scan_20150323135427.pdf 24.3.2015 6:07:48
Inserted file: 15DPFP0100002562_1.pdf 24.3.2015 6:07:48
Inserted BAD file: scan_20150323143652.pdf 24.3.2015 6:07:51
Inserted file: 15DPFP0100002587_1.pdf 24.3.2015 6:07:51
Inserted file: 15DPFP0100002562_1.pdf 24.3.2015 6:16:49
Inserted file: 15DPFP0100002587_1.pdf 24.3.2015 6:16:52
Inserted BAD file: areal.pdf 24.3.2015 6:17:16
Inserted file: 15DPFP0100002562_2.pdf 24.3.2015 6:17:22
Inserted file: 15DPFP0100002587_2.pdf 24.3.2015 6:17:25
Inserted BAD file: areal.pdf 24.3.2015 6:17:41
Inserted BAD file: areal.pdf 24.3.2015 6:17:53
Inserted file: 15DPFP0100002562_3.pdf 24.3.2015 6:17:58
Inserted file: 15DPFP0100002587_3.pdf 24.3.2015 6:18:01
Inserted file: 15DPFP0100002562_4.pdf 24.3.2015 6:18:19
Inserted file: 15DPFP0100002587_4.pdf 24.3.2015 6:18:22
Inserted BAD file: areal.pdf 24.3.2015 6:19:08
Inserted file: 15DPFP0100002562_5.pdf 24.3.2015 6:19:14
Inserted file: 15DPFP0100002587_5.pdf 24.3.2015 6:19:17
Inserted BAD file: areal.pdf 24.3.2015 6:19:49
Inserted file: 15DPFP0100002562_6.pdf 24.3.2015 6:19:55
Inserted file: 15DPFP0100002587_6.pdf 24.3.2015 6:19:58
Inserted BAD file: areal.pdf1.png 24.3.2015 6:21:23
Inserted file: 15DPFP0100002562_1.pdf 24.3.2015 6:21:29
Inserted file: 15DPFP0100002587_1.pdf 24.3.2015 6:21:32
Inserted BAD file: scan_20150323135427.pdf1.png 24.3.2015 6:21:32
Inserted BAD file: scan_20150323143652.pdf1.png 24.3.2015 6:21:32
Inserted BAD file: areal.pdf 24.3.2015 6:21:35
Inserted file: 15DPFP0100002562_1.pdf 24.3.2015 6:21:41
Inserted file: 15DPFP0100002587_1.pdf 24.3.2015 6:21:44
Inserted BAD file: areal.pdf 24.3.2015 6:22:10
Inserted file: 15DPFP0100002562_1.pdf 24.3.2015 6:22:16
Inserted BAD file: scan_20150324104115.pdf 24.3.2015 12:21:41
Inserted BAD file: scan_20150324104115.pdf 24.3.2015 12:22:59
Inserted BAD file: scan_20150324104115.pdf 24.3.2015 12:23:15
Inserted BAD file: scan_20150324104115.pdf 24.3.2015 12:23:31
Inserted BAD file: scan_20150324104115.pdf 24.3.2015 12:23:45
Inserted BAD file: scan_20150324104115.pdf 24.3.2015 12:24:05
Inserted BAD file: scan_20150324104115.pdf 24.3.2015 12:24:19
Inserted BAD file: scan_20150324104115.pdf 24.3.2015 12:24:33
Inserted BAD file: scan_20150324104115.pdf 24.3.2015 12:24:59
Inserted BAD file: scan_20150324104115.pdf 24.3.2015 12:25:24
Inserted file: 15DPFP0100002620_1.pdf 24.3.2015 12:39:49
Inserted BAD file: scan_20150324104006.pdf 24.3.2015 12:39:56
Inserted BAD file: scan_20150324104059.pdf 24.3.2015 12:40:00
Inserted file: 15DPFP0100002612_1.pdf 24.3.2015 12:40:05
Inserted file: 15DPFP0100002609_1.pdf 24.3.2015 12:40:09
Inserted file: 15DPFP0100002620_1.pdf 24.3.2015 12:41:38
Inserted BAD file: scan_20150324104006.pdf 24.3.2015 12:41:47
Inserted BAD file: scan_20150324104059.pdf 24.3.2015 12:41:52
Inserted file: 15DPFP0100002612_1.pdf 24.3.2015 12:41:58
Inserted file: 15DPFP0100002609_1.pdf 24.3.2015 12:42:04
Inserted BAD file: scan_20150324103954.pdf 24.3.2015 12:43:10
Inserted BAD file: scan_20150324104006.pdf 24.3.2015 12:43:24
Inserted BAD file: scan_20150324104059.pdf 24.3.2015 12:43:30
Inserted BAD file: scan_20150324104115.pdf 24.3.2015 12:43:39
Inserted BAD file: scan_20150324104142.pdf 24.3.2015 12:43:46
Inserted BAD file: scan_20150324103954.pdf 24.3.2015 12:44:37
Inserted BAD file: scan_20150324104006.pdf 24.3.2015 12:45:09
Inserted BAD file: scan_20150324104059.pdf 24.3.2015 12:45:25
Inserted BAD file: scan_20150324104115.pdf 24.3.2015 12:45:43
Inserted BAD file: scan_20150324104142.pdf 24.3.2015 12:46:00
Inserted file: 15DPFP0100002620_1.pdf 24.3.2015 12:46:49
Inserted BAD file: scan_20150324104006.pdf 24.3.2015 12:47:04
Inserted BAD file: scan_20150324104059.pdf 24.3.2015 12:47:12
Inserted BAD file: scan_20150324104115.pdf 24.3.2015 12:47:21
Inserted BAD file: scan_20150324104142.pdf 24.3.2015 12:47:29
Inserted file: 15DPFP0100002620_1.pdf 24.3.2015 12:48:08
Inserted BAD file: scan_20150324104006.pdf 24.3.2015 12:48:21
Inserted BAD file: scan_20150324104059.pdf 24.3.2015 12:48:28
Inserted BAD file: scan_20150324104115.pdf 24.3.2015 12:48:36
Inserted BAD file: scan_20150324104142.pdf 24.3.2015 12:48:43
Inserted file: 15DPFP0100002620_1.pdf 24.3.2015 12:49:24
Inserted file: 15DPFP0100002619_1.pdf 24.3.2015 12:49:35
Inserted BAD file: scan_20150324104059.pdf 24.3.2015 12:49:40
Inserted BAD file: scan_20150324104115.pdf 24.3.2015 12:49:46
Inserted BAD file: scan_20150324104142.pdf 24.3.2015 12:49:52
Inserted BAD file: scan_20150324103954.pdf 24.3.2015 12:50:27
Inserted BAD file: scan_20150324104006.pdf 24.3.2015 12:50:37
Inserted BAD file: scan_20150324104059.pdf 24.3.2015 12:50:42
Inserted BAD file: scan_20150324104115.pdf 24.3.2015 12:50:48
Inserted BAD file: scan_20150324104142.pdf 24.3.2015 12:50:54
Inserted file: 15DPFP0100002620_1.pdf 24.3.2015 12:51:32
Inserted BAD file: scan_20150324104006.pdf 24.3.2015 12:51:41
Inserted file: 15DPFP0100002615_1.pdf 24.3.2015 12:51:45
Inserted file: 15DPFP0100002612_1.pdf 24.3.2015 12:51:51
Inserted BAD file: scan_20150324104142.pdf 24.3.2015 12:51:56
Inserted BAD file: scan_20150330134432.pdf 31.3.2015 6:19:21
Inserted BAD file: scan_20150330141929.pdf 31.3.2015 6:20:23
Inserted BAD file: scan_20150324104115.pdf1.png 31.3.2015 6:20:23
Inserted BAD file: scan_20150324104142.pdf1.png 31.3.2015 6:20:24
Inserted BAD file: scan_20150401054345.pdf 1.4.2015 10:01:30
Inserted file: 15DPFP0100002886_1.pdf 1.4.2015 10:01:39
Inserted BAD file: scan_20150401060034.pdf 1.4.2015 10:02:29
Inserted file: 15DPFP0100002882_1.pdf 1.4.2015 10:02:45
Inserted file: 15DPFP0100002876_1.pdf 1.4.2015 10:03:18
Inserted file: 15DPFP0100002877_1.pdf 1.4.2015 10:05:07
Inserted BAD file: scan_20150401070104.pdf 1.4.2015 10:05:43
Inserted BAD file: scan_20150401070104.pdf5.png 7.4.2015 10:20:14
Inserted BAD file: scan_20150401070104.pdf6.png 7.4.2015 10:20:14
Inserted BAD file: scan_20150401070104.pdf8.png 7.4.2015 10:20:14
Inserted BAD file: good_1.PDF 7.4.2015 10:20:29
Inserted BAD file: good_2.PDF 7.4.2015 10:20:51
Inserted BAD file: scan_20150401070104.pdf5.png 7.4.2015 10:25:49
Inserted BAD file: scan_20150401070104.pdf6.png 7.4.2015 10:25:49
Inserted BAD file: scan_20150401070104.pdf8.png 7.4.2015 10:25:50
Inserted BAD file: good_1.PDF 7.4.2015 10:26:10
Inserted BAD file: good_2.PDF 7.4.2015 10:26:42
Inserted BAD file: scan_20150401070104.pdf5.png 7.4.2015 10:27:09
Inserted BAD file: scan_20150401070104.pdf6.png 7.4.2015 10:27:09
Inserted BAD file: scan_20150401070104.pdf8.png 7.4.2015 10:27:10
Inserted BAD file: good_1.PDF 7.4.2015 10:27:27
Inserted BAD file: scan_20150401070104.pdf5.png 7.4.2015 10:27:59
Inserted BAD file: scan_20150401070104.pdf6.png 7.4.2015 10:27:59
Inserted BAD file: scan_20150401070104.pdf8.png 7.4.2015 10:28:00
Inserted BAD file: good_1.PDF 7.4.2015 10:28:08
Inserted BAD file: good_2.PDF 7.4.2015 10:28:19
Inserted file: 15DPFP0100003021_1.PDF 7.4.2015 10:28:29
Inserted BAD file: good_4.PDF 7.4.2015 10:28:34
Inserted BAD file: good_5.PDF 7.4.2015 10:28:38
Inserted BAD file: scan_20150401070104.pdf5.png 7.4.2015 10:29:12
Inserted BAD file: scan_20150401070104.pdf6.png 7.4.2015 10:29:12
Inserted BAD file: scan_20150401070104.pdf8.png 7.4.2015 10:29:12
Inserted file: 15DPFP0100003006_1.PDF 7.4.2015 10:29:15
Inserted BAD file: good_2.PDF 7.4.2015 10:29:19
Inserted BAD file: good_3.PDF 7.4.2015 10:29:22
Inserted BAD file: good_4.PDF 7.4.2015 10:29:24
Inserted file: 15DPFP0100003019_1.PDF 7.4.2015 10:29:26
Inserted file: 15DPFP0100003017_1.PDF 7.4.2015 10:29:28
Inserted BAD file: good_7.PDF 7.4.2015 10:29:31
Inserted BAD file: scan1.PDF 7.4.2015 10:29:33
Inserted BAD file: scan_20150407072002.PDF 7.4.2015 10:29:34
Inserted BAD file: scan_20150407072013.PDF 7.4.2015 10:29:36
Inserted BAD file: scan_20150407072059.PDF 7.4.2015 10:29:39
Inserted BAD file: scan_20150407073610a.PDF 7.4.2015 10:29:44
Inserted BAD file: scan_20150407073714.PDF 7.4.2015 10:29:46
Inserted BAD file: scan_20150401070104.pdf5.png 7.4.2015 10:30:13
Inserted BAD file: scan_20150401070104.pdf6.png 7.4.2015 10:30:13
Inserted BAD file: scan_20150401070104.pdf8.png 7.4.2015 10:30:13
Inserted file: 15DPFP0100003006_1.PDF 7.4.2015 10:30:20
Inserted BAD file: good_2.PDF 7.4.2015 10:30:29
Inserted BAD file: good_3.PDF 7.4.2015 10:30:38
Inserted file: 15DPFP0100003020_1.PDF 7.4.2015 10:30:43
Inserted file: 15DPFP0100003019_1.PDF 7.4.2015 10:30:47
Inserted BAD file: scan_20150401070104.pdf5.png 7.4.2015 10:31:06
Inserted BAD file: scan_20150401070104.pdf6.png 7.4.2015 10:31:07
Inserted BAD file: scan_20150401070104.pdf8.png 7.4.2015 10:31:07
Inserted file: 15DPFP0100003006_1.PDF 7.4.2015 10:31:14
Inserted BAD file: good_2.PDF 7.4.2015 10:31:25
Inserted BAD file: good_3.PDF 7.4.2015 10:31:37
Inserted BAD file: good_4.PDF 7.4.2015 10:31:42
Inserted file: 15DPFP0100003019_1.PDF 7.4.2015 10:31:47
Inserted file: 15DPFP0100003017_1.PDF 7.4.2015 10:31:54
Inserted BAD file: good_7.PDF 7.4.2015 10:32:01
Inserted BAD file: scan1.PDF 7.4.2015 10:32:05
Inserted BAD file: scan_20150407072002.PDF 7.4.2015 10:32:09
Inserted BAD file: scan_20150407072013.PDF 7.4.2015 10:32:13
Inserted BAD file: scan_20150407072059.PDF 7.4.2015 10:32:24
Inserted BAD file: scan_20150401070104.pdf5.png 7.4.2015 10:32:53
Inserted BAD file: scan_20150401070104.pdf6.png 7.4.2015 10:32:53
Inserted BAD file: scan_20150401070104.pdf8.png 7.4.2015 10:32:53
Inserted file: 15DPFP0100003006_1.PDF 7.4.2015 10:33:04
Inserted BAD file: good_2.PDF 7.4.2015 10:33:20
Inserted file: 15DPFP0100003021_1.PDF 7.4.2015 10:33:35
Inserted file: 15DPFP0100003020_1.PDF 7.4.2015 10:33:42
Inserted file: 15DPFP0100003019_1.PDF 7.4.2015 10:33:48
Inserted file: 15DPFP0100003017_1.PDF 7.4.2015 10:33:59
Inserted BAD file: good_7.PDF 7.4.2015 10:34:11
Inserted BAD file: scan1.PDF 7.4.2015 10:34:17
Inserted BAD file: scan_20150407072002.PDF 7.4.2015 10:34:23
Inserted file: 15DPFP0100003027_1.PDF 7.4.2015 10:34:29
Inserted BAD file: scan_20150407072059.PDF 7.4.2015 10:34:44
Inserted BAD file: scan_20150407073610a.PDF 7.4.2015 10:35:02
Inserted BAD file: scan_20150401070104.pdf5.png 7.4.2015 10:35:44
Inserted BAD file: scan_20150401070104.pdf6.png 7.4.2015 10:35:44
Inserted BAD file: scan_20150401070104.pdf8.png 7.4.2015 10:35:44
Inserted BAD file: good_1.PDF 7.4.2015 10:35:52
Inserted BAD file: good_2.PDF 7.4.2015 10:36:04
Inserted BAD file: good_3.PDF 7.4.2015 10:36:16
Inserted BAD file: good_4.PDF 7.4.2015 10:36:21
Inserted BAD file: good_5.PDF 7.4.2015 10:36:26
Inserted BAD file: scan_20150401070104.pdf5.png 7.4.2015 10:36:51
Inserted BAD file: scan_20150401070104.pdf6.png 7.4.2015 10:36:51
Inserted BAD file: scan_20150401070104.pdf8.png 7.4.2015 10:36:52
Inserted BAD file: good_1.PDF 7.4.2015 10:37:16
Inserted BAD file: good_2.PDF 7.4.2015 10:37:53
Inserted BAD file: good_3.PDF 7.4.2015 10:38:21
Inserted BAD file: scan_20150401070104.pdf5.png 7.4.2015 10:38:58
Inserted BAD file: scan_20150401070104.pdf6.png 7.4.2015 10:38:59
Inserted BAD file: scan_20150401070104.pdf8.png 7.4.2015 10:38:59
Inserted BAD file: good_1.PDF 7.4.2015 10:39:16
Inserted BAD file: scan_20150401070104.pdf5.png 7.4.2015 10:40:37
Inserted BAD file: scan_20150401070104.pdf6.png 7.4.2015 10:40:37
Inserted BAD file: scan_20150401070104.pdf8.png 7.4.2015 10:40:38
Inserted file: 15DPFP0100003006_1.PDF 7.4.2015 10:40:46
Inserted BAD file: good_2.PDF 7.4.2015 10:40:58
Inserted file: 15DPFP0100003021_1.PDF 7.4.2015 10:41:09
Inserted file: 15DPFP0100003020_1.PDF 7.4.2015 10:41:15
Inserted file: 15DPFP0100003019_1.PDF 7.4.2015 10:41:20
Inserted BAD file: good_6.PDF 7.4.2015 10:41:28
Inserted file: 15DPFP0100003016_1.PDF 7.4.2015 10:41:36
Inserted file: 15DPFP0100003018_1.PDF 7.4.2015 10:41:41
Inserted BAD file: scan_20150407072002.PDF 7.4.2015 10:41:45
Inserted BAD file: scan_20150407072013.PDF 7.4.2015 10:41:50
Inserted BAD file: scan_20150407072059.PDF 7.4.2015 10:41:59
Inserted BAD file: scan_20150407073610a.PDF 7.4.2015 10:42:12
Inserted file: 15DPFP0100002995_1.PDF 7.4.2015 10:42:17
Inserted BAD file: scan_20150407073853.PDF 7.4.2015 10:42:30
Inserted BAD file: scan_20150407075938.PDF 7.4.2015 10:42:36
Inserted BAD file: scan_20150407080041.PDF 7.4.2015 10:42:51
Inserted BAD file: scan_20150407080142.PDF 7.4.2015 10:43:00
Inserted BAD file: scan_20150407080443.PDF 7.4.2015 10:43:11
Inserted file: 15DPFP0100003006_1.PDF 7.4.2015 11:06:16
Inserted file: 15DPFP0100003008_1.PDF 7.4.2015 11:06:30
Inserted file: 15DPFP0100003021_1.PDF 7.4.2015 11:06:43
Inserted file: 15DPFP0100003020_1.PDF 7.4.2015 11:06:49
Inserted file: 15DPFP0100003019_1.PDF 7.4.2015 11:06:55
Inserted file: 15DPFP0100003017_1.PDF 7.4.2015 11:07:05
Inserted file: 15DPFP0100003016_1.PDF 7.4.2015 11:07:15
Inserted BAD file: scan1.PDF 7.4.2015 11:07:21
Inserted BAD file: scan_20150407072002.PDF 7.4.2015 11:07:27
Inserted BAD file: scan_20150407072013.PDF 7.4.2015 11:07:32
Inserted BAD file: scan_20150407072059.PDF 7.4.2015 11:07:42
Inserted BAD file: scan_20150407073610a.PDF 7.4.2015 11:07:58
Inserted BAD file: scan_20150407073714.PDF 7.4.2015 11:08:04
Inserted BAD file: scan_20150407073853.PDF 7.4.2015 11:08:19
Inserted BAD file: scan_20150407075938.PDF 7.4.2015 11:08:26
Inserted BAD file: scan_20150407080041.PDF 7.4.2015 11:08:44
Inserted BAD file: scan_20150407080142.PDF 7.4.2015 11:08:54
Inserted BAD file: scan_20150407080443.PDF 7.4.2015 11:09:07
Inserted BAD file: good_1.PDF 7.4.2015 11:10:46
Inserted BAD file: good_2.PDF 7.4.2015 11:11:00
Inserted file: 15DPFP0100003021_1.PDF 7.4.2015 11:11:12
Inserted BAD file: good_4.PDF 7.4.2015 11:11:18
Inserted BAD file: good_5.PDF 7.4.2015 11:11:23
Inserted BAD file: good_6.PDF 7.4.2015 11:11:32
Inserted BAD file: good_7.PDF 7.4.2015 11:11:41
Inserted file: 15DPFP0100003018_1.PDF 7.4.2015 11:11:46
Inserted BAD file: scan_20150407072002.PDF 7.4.2015 11:11:51
Inserted BAD file: scan_20150407072013.PDF 7.4.2015 11:11:56
Inserted BAD file: scan_20150407072059.PDF 7.4.2015 11:12:07
Inserted BAD file: scan_20150407073610a.PDF 7.4.2015 11:12:21
Inserted BAD file: scan_20150407073714.PDF 7.4.2015 11:12:26
Inserted BAD file: scan_20150407073853.PDF 7.4.2015 11:12:40
Inserted BAD file: scan_20150407075938.PDF 7.4.2015 11:12:47
Inserted file: 15DPFP0100003006_1.PDF 7.4.2015 11:13:30
Inserted BAD file: good_2.PDF 7.4.2015 11:13:42
Inserted file: 15DPFP0100003021_1.PDF 7.4.2015 11:13:53
Inserted file: 15DPFP0100003020_1.PDF 7.4.2015 11:13:59
Inserted file: 15DPFP0100003019_1.PDF 7.4.2015 11:14:03
Inserted BAD file: good_6.PDF 7.4.2015 11:14:11
Inserted file: 15DPFP0100003016_1.PDF 7.4.2015 11:14:20
Inserted file: 15DPFP0100003018_1.PDF 7.4.2015 11:14:24
Inserted BAD file: scan_20150407072002.PDF 7.4.2015 11:14:29
Inserted BAD file: scan_20150407072013.PDF 7.4.2015 11:14:33
Inserted BAD file: scan_20150407072059.PDF 7.4.2015 11:14:44
Inserted BAD file: scan_20150407073610a.PDF 7.4.2015 11:14:59
Inserted file: 15DPFP0100003006_1.PDF 7.4.2015 11:15:26
Inserted BAD file: good_2.PDF 7.4.2015 11:15:35
Inserted file: 15DPFP0100003021_1.PDF 7.4.2015 11:15:43
Inserted file: 15DPFP0100003020_1.PDF 7.4.2015 11:15:47
Inserted file: 15DPFP0100003019_1.PDF 7.4.2015 11:15:50
Inserted file: 15DPFP0100003017_1.PDF 7.4.2015 11:15:57
Inserted file: 15DPFP0100003016_1.PDF 7.4.2015 11:16:03
Inserted file: 15DPFP0100003018_1.PDF 7.4.2015 11:16:06
Inserted BAD file: scan_20150407072002.PDF 7.4.2015 11:16:09
Inserted BAD file: scan_20150407072013.PDF 7.4.2015 11:16:13
Inserted BAD file: scan_20150407072059.PDF 7.4.2015 11:16:20
Inserted file: 15DPFP0100003042_1.PDF 7.4.2015 11:16:29
Inserted BAD file: scan_20150407073714.PDF 7.4.2015 11:16:33
Inserted BAD file: scan_20150407073853.PDF 7.4.2015 11:16:44
Inserted BAD file: scan_20150407075938.PDF 7.4.2015 11:16:48
Inserted BAD file: scan_20150407080041.PDF 7.4.2015 11:17:00
Inserted file: 15DPFP0100003006_1.PDF 7.4.2015 11:17:30
Inserted BAD file: good_2.PDF 7.4.2015 11:17:38
Inserted BAD file: good_3.PDF 7.4.2015 11:17:45
Inserted BAD file: good_4.PDF 7.4.2015 11:17:49
Inserted file: 15DPFP0100003019_1.PDF 7.4.2015 11:17:52
Inserted file: 15DPFP0100003006_1.PDF 7.4.2015 11:18:21
Inserted BAD file: good_2.PDF 7.4.2015 11:18:33
Inserted BAD file: good_3.PDF 7.4.2015 11:18:42
Inserted BAD file: good_4.PDF 7.4.2015 11:18:47
Inserted file: 15DPFP0100003019_1.PDF 7.4.2015 11:18:52
Inserted BAD file: good_6.PDF 7.4.2015 11:19:00
Inserted BAD file: good_7.PDF 7.4.2015 11:19:08
Inserted BAD file: scan1.PDF 7.4.2015 11:19:13
Inserted BAD file: scan_20150407072002.PDF 7.4.2015 11:19:17
Inserted BAD file: scan_20150407072013.PDF 7.4.2015 11:19:21
Inserted BAD file: scan_20150407072059.PDF 7.4.2015 11:19:29
Inserted BAD file: scan_20150407073610a.PDF 7.4.2015 11:19:41
Inserted BAD file: scan_20150407073714.PDF 7.4.2015 11:19:46
Inserted BAD file: scan_20150407073853.PDF 7.4.2015 11:19:58
Inserted BAD file: scan_20150407075938.PDF 7.4.2015 11:20:04
Inserted BAD file: scan_20150407080041.PDF 7.4.2015 11:20:18
Inserted BAD file: scan_20150407080142.PDF 7.4.2015 11:20:26
Inserted BAD file: good_1.PDF 7.4.2015 11:21:12
Inserted BAD file: good_2.PDF 7.4.2015 11:21:33
Inserted BAD file: good_3.PDF 7.4.2015 11:21:51
Inserted file: 15DPFP0100003006_1.PDF 7.4.2015 11:22:29
Inserted BAD file: good_2.PDF 7.4.2015 11:22:47
Inserted BAD file: good_3.PDF 7.4.2015 11:23:02
Inserted BAD file: good_4.PDF 7.4.2015 11:23:10
Inserted file: 15DPFP0100003019_1.PDF 7.4.2015 11:23:16
Inserted BAD file: good_6.PDF 7.4.2015 11:23:28
Inserted BAD file: good_7.PDF 7.4.2015 11:23:40
Inserted BAD file: scan1.PDF 7.4.2015 11:23:47
Inserted BAD file: scan_20150407072002.PDF 7.4.2015 11:23:54
Inserted BAD file: scan_20150407072013.PDF 7.4.2015 11:24:00
Inserted BAD file: scan_20150407072059.PDF 7.4.2015 11:24:12
Inserted BAD file: scan_20150407073610a.PDF 7.4.2015 11:24:32
Inserted BAD file: scan_20150407073714.PDF 7.4.2015 11:24:38
Inserted BAD file: scan_20150407073853.PDF 7.4.2015 11:24:56
Inserted BAD file: scan_20150407075938.PDF 7.4.2015 11:25:04
Inserted BAD file: scan_20150407080041.PDF 7.4.2015 11:25:25
Inserted BAD file: scan_20150407080142.PDF 7.4.2015 11:25:36
Inserted BAD file: scan_20150407080443.PDF 7.4.2015 11:25:53
Inserted BAD file: good_1.PDF 7.4.2015 11:33:21
Inserted BAD file: good_2.PDF 7.4.2015 11:33:42
Inserted BAD file: good_3.PDF 7.4.2015 11:34:00
Inserted BAD file: good_4.PDF 7.4.2015 11:34:08
Inserted file: 15DPFP0100003019_1.PDF 7.4.2015 11:34:16
Inserted file: 15DPFP0100003017_1.PDF 7.4.2015 11:34:30
Inserted BAD file: good_7.PDF 7.4.2015 11:34:44
Inserted file: 15DPFP0100003018_1.PDF 7.4.2015 11:34:52
Inserted BAD file: scan_20150407072002.PDF 7.4.2015 11:35:00
Inserted BAD file: scan_20150407072013.PDF 7.4.2015 11:35:07
Inserted BAD file: scan_20150407072059.PDF 7.4.2015 11:35:20
Inserted BAD file: scan_20150407073610a.PDF 7.4.2015 11:35:43
Inserted file: 15DPFP0100002995_1.PDF 7.4.2015 11:35:51
Inserted BAD file: scan_20150407073853.PDF 7.4.2015 11:36:10
Inserted BAD file: scan_20150407075938.PDF 7.4.2015 11:36:19
Inserted BAD file: scan_20150407080041.PDF 7.4.2015 11:36:43
Inserted BAD file: scan_20150407080142.PDF 7.4.2015 11:36:55
Inserted BAD file: scan_20150407080443.PDF 7.4.2015 11:37:13
Inserted file: 15DPFP0100003006_1.PDF 7.4.2015 11:52:54
Inserted BAD file: good_2.PDF 7.4.2015 11:53:24
Inserted BAD file: good_3.PDF 7.4.2015 11:53:48
Inserted BAD file: good_4.PDF 7.4.2015 11:53:59
Inserted BAD file: good_5.PDF 7.4.2015 11:54:10
Inserted BAD file: good_6.PDF 7.4.2015 11:54:30
Inserted BAD file: good_7.PDF 7.4.2015 11:54:51
Inserted BAD file: scan1.PDF 7.4.2015 11:55:01
Inserted BAD file: scan_20150407072002.PDF 7.4.2015 11:55:12
Inserted file: 15DPFP0100003006_1.PDF 7.4.2015 11:55:58
Inserted BAD file: good_2.PDF 7.4.2015 11:56:13
Inserted BAD file: good_3.PDF 7.4.2015 11:56:26
Inserted file: 15DPFP0100003020_1.PDF 7.4.2015 11:56:33
Inserted BAD file: good_5.PDF 7.4.2015 11:56:39
Inserted BAD file: good_6.PDF 7.4.2015 11:56:49
Inserted BAD file: good_7.PDF 7.4.2015 11:56:58
Inserted file: 15DPFP0100003018_1.PDF 7.4.2015 11:57:04
Inserted BAD file: scan_20150407072002.PDF 7.4.2015 11:57:10
Inserted BAD file: scan_20150407072013.PDF 7.4.2015 11:57:16
Inserted BAD file: scan_20150407072059.PDF 7.4.2015 11:57:28
Inserted BAD file: scan_20150407073610a.PDF 7.4.2015 11:57:44
Inserted file: 15DPFP0100002995_1.PDF 7.4.2015 11:57:49
Inserted BAD file: scan_20150407073853.PDF 7.4.2015 11:58:05
Inserted BAD file: scan_20150407075938.PDF 7.4.2015 11:58:12
Inserted BAD file: scan_20150407080041.PDF 7.4.2015 11:58:29
Inserted BAD file: scan_20150407080142.PDF 7.4.2015 11:58:39
Inserted BAD file: scan_20150407080443.PDF 7.4.2015 11:58:52
Inserted BAD file: good_1.PDF 7.4.2015 12:20:17
Inserted BAD file: good_2.PDF 7.4.2015 12:20:29
Inserted BAD file: good_3.PDF 7.4.2015 12:20:41
Inserted file: 15DPFP0100003020_1.PDF 7.4.2015 12:20:47
Inserted BAD file: good_5.PDF 7.4.2015 12:20:52
Inserted BAD file: good_6.PDF 7.4.2015 12:21:01
Inserted BAD file: good_7.PDF 7.4.2015 12:21:09
Inserted file: 15DPFP0100003018_1.PDF 7.4.2015 12:21:14
Inserted BAD file: scan_20150407072002.PDF 7.4.2015 12:21:19
Inserted BAD file: scan_20150407072013.PDF 7.4.2015 12:21:24
Inserted BAD file: scan_20150407072059.PDF 7.4.2015 12:21:34
Inserted BAD file: scan_20150407073610a.PDF 7.4.2015 12:21:49
Inserted BAD file: scan_20150407073714.PDF 7.4.2015 12:21:54
Inserted BAD file: good_1.PDF 7.4.2015 12:22:26
Inserted BAD file: good_2.PDF 7.4.2015 12:22:40
Inserted BAD file: good_3.PDF 7.4.2015 12:22:53
Inserted BAD file: good_4.PDF 7.4.2015 12:22:59
Inserted BAD file: good_5.PDF 7.4.2015 12:23:05
Inserted BAD file: good_6.PDF 7.4.2015 12:23:15
Inserted BAD file: good_7.PDF 7.4.2015 12:23:24
Inserted BAD file: scan1.PDF 7.4.2015 12:23:30
Inserted BAD file: scan_20150407072002.PDF 7.4.2015 12:23:35
Inserted BAD file: scan_20150407072013.PDF 7.4.2015 12:23:41
Inserted BAD file: scan_20150407072059.PDF 7.4.2015 12:23:51
Inserted BAD file: scan_20150407073610a.PDF 7.4.2015 12:24:06
Inserted BAD file: scan_20150407073714.PDF 7.4.2015 12:24:12
Inserted BAD file: scan_20150407073853.PDF 7.4.2015 12:24:26
Inserted BAD file: scan_20150407075938.PDF 7.4.2015 12:24:33
Inserted BAD file: scan_20150407080041.PDF 7.4.2015 12:24:50
Inserted BAD file: scan_20150407080142.PDF 7.4.2015 12:25:00
Inserted BAD file: scan_20150407080443.PDF 7.4.2015 12:25:13
Inserted BAD file: good_1.PDF 7.4.2015 13:45:04
Inserted BAD file: good_2.PDF 7.4.2015 13:45:21
Inserted BAD file: good_3.PDF 7.4.2015 13:45:35
Inserted BAD file: good_4.PDF 7.4.2015 13:45:42
Inserted BAD file: good_5.PDF 7.4.2015 13:45:48
Inserted BAD file: good_6.PDF 7.4.2015 13:45:59
Inserted BAD file: good_7.PDF 7.4.2015 13:46:11
Inserted BAD file: scan1.PDF 7.4.2015 13:46:17
Inserted BAD file: scan_20150407072002.PDF 7.4.2015 13:46:23
Inserted BAD file: scan_20150407072013.PDF 7.4.2015 13:46:29
Inserted BAD file: scan_20150407072059.PDF 7.4.2015 13:46:40
Inserted BAD file: scan_20150407073610a.PDF 7.4.2015 13:46:58
Inserted BAD file: scan_20150407073714.PDF 7.4.2015 13:47:04
Inserted BAD file: scan_20150407073853.PDF 7.4.2015 13:47:20
Inserted BAD file: scan_20150407075938.PDF 7.4.2015 13:47:28
Inserted BAD file: good_1.PDF 7.4.2015 13:48:19
Inserted BAD file: good_2.PDF 7.4.2015 13:48:41
Inserted BAD file: good_3.PDF 7.4.2015 13:49:00
Inserted file: 15DPFP0100003020_1.PDF 7.4.2015 13:49:09
Inserted BAD file: good_5.PDF 7.4.2015 13:49:17
Inserted file: 15DPFP0100003017_1.PDF 7.4.2015 13:49:32
Inserted BAD file: good_7.PDF 7.4.2015 13:49:46
Inserted file: 15DPFP0100003018_1.PDF 7.4.2015 13:49:54
Inserted BAD file: good_1.PDF 7.4.2015 13:54:06
Inserted BAD file: good_2.PDF 7.4.2015 13:54:26
Inserted BAD file: good_3.PDF 7.4.2015 13:54:45
Inserted BAD file: good_4.PDF 7.4.2015 13:54:54
Inserted BAD file: good_5.PDF 7.4.2015 13:55:01
Inserted BAD file: good_6.PDF 7.4.2015 13:55:16
Inserted BAD file: good_7.PDF 7.4.2015 13:55:30
Inserted BAD file: scan1.PDF 7.4.2015 13:55:38
Inserted BAD file: scan_20150407072002.PDF 7.4.2015 13:55:45
Inserted BAD file: scan_20150407072013.PDF 7.4.2015 13:55:53
Inserted BAD file: scan_20150407072059.PDF 7.4.2015 13:56:08
Inserted BAD file: scan_20150407073610a.PDF 7.4.2015 13:56:32
Inserted BAD file: scan_20150407073714.PDF 7.4.2015 13:56:40
Inserted BAD file: scan_20150407073853.PDF 7.4.2015 13:57:00
Inserted BAD file: scan_20150407075938.PDF 7.4.2015 13:57:09
Inserted BAD file: scan_20150407080041.PDF 7.4.2015 13:57:32
Inserted BAD file: scan_20150407080142.PDF 7.4.2015 13:57:45
Inserted BAD file: scan_20150407080443.PDF 7.4.2015 13:58:03
Inserted BAD file: good_1.PDF 7.4.2015 14:01:46
Inserted BAD file: good_2.PDF 7.4.2015 14:02:01
Inserted file: 15DPFP0100003006_1.PDF 7.4.2015 14:02:37
Inserted file: 15DPFP0100003008_1.PDF 7.4.2015 14:02:52
Inserted file: 15DPFP0100003021_1.PDF 7.4.2015 14:03:06
Inserted file: 15DPFP0100003020_1.PDF 7.4.2015 14:03:13
Inserted file: 15DPFP0100003019_1.PDF 7.4.2015 14:03:19
Inserted file: 15DPFP0100003017_1.PDF 7.4.2015 14:03:29
Inserted file: 15DPFP0100003016_1.PDF 7.4.2015 14:03:39
Inserted file: 15DPFP0100003018_1.PDF 7.4.2015 14:03:45
Inserted BAD file: scan_20150407072002.PDF 7.4.2015 14:03:51
Inserted BAD file: scan_20150407072013.PDF 7.4.2015 14:03:57
Inserted BAD file: scan_20150407072059.PDF 7.4.2015 14:04:09
Inserted BAD file: scan_20150407073610a.PDF 7.4.2015 14:04:25
Inserted BAD file: scan_20150407073714.PDF 7.4.2015 14:04:32
Inserted BAD file: scan_20150407073853.PDF 7.4.2015 14:04:50
Inserted BAD file: scan_20150407075938.PDF 7.4.2015 14:04:58
Inserted BAD file: scan_20150407080041.PDF 7.4.2015 14:05:17
Inserted BAD file: scan_20150407080142.PDF 7.4.2015 14:05:29
Inserted file: 15DPFP0100003022_1.PDF 7.4.2015 14:05:44
Inserted file: 15DPFP0100003006_1.PDF 7.4.2015 14:07:53
Inserted file: 15DPFP0100003008_1.PDF 7.4.2015 14:08:09
Inserted file: 15DPFP0100003021_1.PDF 7.4.2015 14:08:23
Inserted file: 15DPFP0100003020_1.PDF 7.4.2015 14:08:30
Inserted file: 15DPFP0100003019_1.PDF 7.4.2015 14:08:36
Inserted file: 15DPFP0100003017_1.PDF 7.4.2015 14:08:46
Inserted file: 15DPFP0100003016_1.PDF 7.4.2015 14:08:57
Inserted file: 15DPFP0100003018_1.PDF 7.4.2015 14:09:04
Inserted BAD file: scan_20150407072002.PDF 7.4.2015 14:09:10
Inserted BAD file: scan_20150407072013.PDF 7.4.2015 14:09:16
Inserted BAD file: scan_20150407072059.PDF 7.4.2015 14:09:28
Inserted BAD file: scan_20150407073610a.PDF 7.4.2015 14:09:46
Inserted BAD file: scan_20150407073714.PDF 7.4.2015 14:09:52
Inserted BAD file: scan_20150407073853.PDF 7.4.2015 14:10:09
Inserted BAD file: scan_20150407075938.PDF 7.4.2015 14:10:16
Inserted BAD file: scan_20150407080041.PDF 7.4.2015 14:10:35
Inserted BAD file: scan_20150407080142.PDF 7.4.2015 14:10:46
Inserted file: 15DPFP0100003022_1.PDF 7.4.2015 14:11:01
Inserted file: 15DPFP0100003006_2.PDF 7.4.2015 14:12:25
Inserted file: 15DPFP0100003008_2.PDF 7.4.2015 14:12:42
Inserted file: 15DPFP0100003021_2.PDF 7.4.2015 14:12:56
Inserted file: 15DPFP0100003020_2.PDF 7.4.2015 14:13:03
Inserted file: 15DPFP0100003019_2.PDF 7.4.2015 14:13:10
Inserted file: 15DPFP0100003017_2.PDF 7.4.2015 14:13:21
Inserted file: 15DPFP0100003016_2.PDF 7.4.2015 14:13:32
Inserted file: 15DPFP0100003018_2.PDF 7.4.2015 14:13:39
Inserted BAD file: scan_20150407072002.PDF 7.4.2015 14:13:45
Inserted BAD file: scan_20150407072013.PDF 7.4.2015 14:13:51
Inserted BAD file: scan_20150407072059.PDF 7.4.2015 14:14:03
Inserted BAD file: scan_20150407073610a.PDF 7.4.2015 14:14:21
Inserted BAD file: scan_20150407073714.PDF 7.4.2015 14:14:27
Inserted BAD file: scan_20150407073853.PDF 7.4.2015 14:14:43
Inserted BAD file: scan_20150407075938.PDF 7.4.2015 14:14:51
Inserted file: 15DPFP0100003006_3.PDF 7.4.2015 14:15:38
Inserted file: 15DPFP0100003008_3.PDF 7.4.2015 14:15:54
Inserted file: 15DPFP0100003021_3.PDF 7.4.2015 14:16:10
Inserted file: 15DPFP0100003020_3.PDF 7.4.2015 14:16:17
Inserted file: 15DPFP0100003019_3.PDF 7.4.2015 14:16:24
Inserted file: 15DPFP0100003017_3.PDF 7.4.2015 14:16:34
Inserted file: 15DPFP0100003016_3.PDF 7.4.2015 14:16:45
Inserted file: 15DPFP0100003018_3.PDF 7.4.2015 14:16:51
Inserted BAD file: scan_20150407072002.PDF 7.4.2015 14:16:57
Inserted BAD file: scan_20150407072013.PDF 7.4.2015 14:17:03
Inserted BAD file: scan_20150407072059.PDF 7.4.2015 14:17:15
Inserted BAD file: scan_20150407073610a.PDF 7.4.2015 14:17:32
Inserted BAD file: scan_20150407073714.PDF 7.4.2015 14:17:39
Inserted BAD file: scan_20150407073853.PDF 7.4.2015 14:17:55
Inserted BAD file: scan_20150407075938.PDF 7.4.2015 14:18:03
Inserted BAD file: scan_20150407080041.PDF 7.4.2015 14:18:22
Inserted BAD file: scan_20150407080142.PDF 7.4.2015 14:18:32
Inserted file: 15DPFP0100003022_2.PDF 7.4.2015 14:18:47
Inserted file: 15DPFP0100003135_1.PDF 8.4.2015 10:28:37
Inserted BAD file: good_2.PDF 8.4.2015 10:28:58
Inserted file: 15DPFP0100003074_1.PDF 8.4.2015 10:29:09
Inserted file: 15DPFP0100003073_1.PDF 8.4.2015 10:29:30
Inserted BAD file: scan_20150407073853.PDF 8.4.2015 10:29:46
Inserted BAD file: scan_20150407080142.PDF 8.4.2015 10:29:57
Inserted file: 15DPFP0100003018_1.PDF 8.4.2015 10:30:03
Inserted BAD file: scan_20150407080443.PDF 8.4.2015 10:30:18
Inserted file: 15DPFP0100003135_2.PDF 8.4.2015 10:31:01
Inserted BAD file: good_2.PDF 8.4.2015 10:31:22
Inserted file: 15DPFP0100003074_2.PDF 8.4.2015 10:31:33
Inserted file: 15DPFP0100003073_2.PDF 8.4.2015 10:31:55
Inserted BAD file: scan_20150407073853.PDF 8.4.2015 10:32:11
Inserted BAD file: scan_20150407080142.PDF 8.4.2015 10:32:22
Inserted file: 15DPFP0100003018_2.PDF 8.4.2015 10:32:29
Inserted BAD file: scan_20150407080443.PDF 8.4.2015 10:32:43
Inserted file: 15DPFP0100003135_1.PDF 8.4.2015 10:33:40
Inserted BAD file: good_2.PDF 8.4.2015 10:34:03
Inserted file: 15DPFP0100003074_1.PDF 8.4.2015 10:34:15
Inserted file: 15DPFP0100003073_1.PDF 8.4.2015 10:34:37
Inserted BAD file: scan_20150407073853.PDF 8.4.2015 10:34:54
Inserted BAD file: scan_20150407080142.PDF 8.4.2015 10:35:05
Inserted file: 15DPFP0100003018_1.PDF 8.4.2015 10:35:11
Inserted BAD file: scan_20150407080443.PDF 8.4.2015 10:35:27
Inserted file: 15DPFP0100003135_2.PDF 8.4.2015 10:36:09
Inserted BAD file: good_2.PDF 8.4.2015 10:36:34
Inserted file: 15DPFP0100003074_2.PDF 8.4.2015 10:36:46
Inserted file: 15DPFP0100003073_2.PDF 8.4.2015 10:37:10
Inserted BAD file: scan_20150407073853.PDF 8.4.2015 10:37:28
Inserted BAD file: scan_20150407080142.PDF 8.4.2015 10:37:40
Inserted file: 15DPFP0100003018_2.PDF 8.4.2015 10:37:46
Inserted BAD file: scan_20150407080443.PDF 8.4.2015 10:38:03
Inserted BAD file: good_1.PDF 8.4.2015 10:43:47
Inserted BAD file: good_2.PDF 8.4.2015 10:44:36
Inserted BAD file: good_1.PDF 8.4.2015 10:45:21
Inserted BAD file: good_2.PDF 8.4.2015 10:46:06
Inserted file: 15DPFP0100003135_1.PDF 8.4.2015 10:46:47
Inserted BAD file: good_2.PDF 8.4.2015 10:47:24
Inserted file: 15DPFP0100003074_1.PDF 8.4.2015 10:47:42
Inserted file: 15DPFP0100003073_1.PDF 8.4.2015 10:48:17
Inserted BAD file: scan_20150407073853.PDF 8.4.2015 10:48:40
Inserted BAD file: scan_20150407080142.PDF 8.4.2015 10:48:53
Inserted file: 15DPFP0100003018_1.PDF 8.4.2015 10:49:03
Inserted BAD file: scan_20150407080443.PDF 8.4.2015 10:49:27
Inserted BAD file: good_1.PDF 8.4.2015 10:51:40
Inserted BAD file: good_2.PDF 8.4.2015 10:52:18
Inserted BAD file: good_1.PDF 8.4.2015 10:53:27
Inserted BAD file: good_2.PDF 8.4.2015 10:54:06
Inserted file: 15DPFP0100003135_1.PDF 8.4.2015 10:55:00
Inserted BAD file: good_2.PDF 8.4.2015 10:55:36
Inserted file: 15DPFP0100003074_1.PDF 8.4.2015 10:55:54
Inserted file: 15DPFP0100003073_1.PDF 8.4.2015 10:56:31
Inserted BAD file: scan_20150407073853.PDF 8.4.2015 10:56:54
Inserted BAD file: scan_20150407080142.PDF 8.4.2015 10:57:09
Inserted BAD file: scan_20150407080356.PDF 8.4.2015 10:57:19
Inserted BAD file: scan_20150407080443.PDF 8.4.2015 10:57:42
Inserted file: 15DPFP0100003135_1.PDF 8.4.2015 11:03:01
Inserted BAD file: good_2.PDF 8.4.2015 11:03:23
Inserted file: 15DPFP0100003074_1.PDF 8.4.2015 11:03:34
Inserted file: 15DPFP0100003073_1.PDF 8.4.2015 11:03:58
Inserted BAD file: scan_20150407073853.PDF 8.4.2015 11:04:17
Inserted BAD file: scan_20150407080142.PDF 8.4.2015 11:04:30
Inserted file: 15DPFP0100003018_1.PDF 8.4.2015 11:04:38
Inserted BAD file: scan_20150407080443.PDF 8.4.2015 11:04:57
Inserted file: 15DPFP0100003135_1.PDF 8.4.2015 11:09:34
Inserted BAD file: good_2.PDF 8.4.2015 11:09:59
Inserted file: 15DPFP0100003074_1.PDF 8.4.2015 11:10:11
Inserted file: 15DPFP0100003073_1.PDF 8.4.2015 11:10:34
Inserted BAD file: scan_20150407073853.PDF 8.4.2015 11:10:51
Inserted BAD file: scan_20150407080142.PDF 8.4.2015 11:11:03
Inserted file: 15DPFP0100003018_1.PDF 8.4.2015 11:11:09
Inserted BAD file: scan_20150407080443.PDF 8.4.2015 11:11:25
Inserted file: 15DPFP0100003135_1.PDF 8.4.2015 11:12:57
Inserted BAD file: good_2.PDF 8.4.2015 11:13:17
Inserted file: 15DPFP0100003074_1.PDF 8.4.2015 11:13:28
Inserted file: 15DPFP0100003073_1.PDF 8.4.2015 11:13:48
Inserted BAD file: scan_20150407073853.PDF 8.4.2015 11:14:04
Inserted BAD file: scan_20150407080142.PDF 8.4.2015 11:14:14
Inserted file: 15DPFP0100003018_1.PDF 8.4.2015 11:14:20
Inserted file: 15DPFP0100003022_1.PDF 8.4.2015 11:14:34
Inserted file: 15DPFP0100003135_1.PDF 8.4.2015 11:15:41
Inserted BAD file: good_2.PDF 8.4.2015 11:16:00
Inserted file: 15DPFP0100003074_1.PDF 8.4.2015 11:16:09
Inserted file: 15DPFP0100003073_1.PDF 8.4.2015 11:16:27
Inserted BAD file: scan_20150407073853.PDF 8.4.2015 11:16:42
Inserted BAD file: scan_20150407080142.PDF 8.4.2015 11:16:52
Inserted BAD file: scan_20150407080356.PDF 8.4.2015 11:16:57
Inserted BAD file: scan_20150407080443.PDF 8.4.2015 11:17:10
Inserted file: 15DPFP0100003135_1.PDF 8.4.2015 11:17:45
Inserted BAD file: good_2.PDF 8.4.2015 11:18:02
Inserted BAD file: good_3.PDF 8.4.2015 11:18:11
Inserted file: 15DPFP0100003135_1.PDF 8.4.2015 11:18:43
Inserted BAD file: good_2.PDF 8.4.2015 11:19:02
Inserted BAD file: good_3.PDF 8.4.2015 11:19:12
Inserted file: 15DPFP0100003135_1.PDF 8.4.2015 11:19:48
Inserted BAD file: good_2.PDF 8.4.2015 11:20:10
Inserted file: 15DPFP0100003074_1.PDF 8.4.2015 11:20:22
Inserted file: 15DPFP0100003073_1.PDF 8.4.2015 11:20:42
Inserted BAD file: scan_20150407073853.PDF 8.4.2015 11:20:58
Inserted BAD file: scan_20150407080142.PDF 8.4.2015 11:21:09
Inserted file: 15DPFP0100003018_1.PDF 8.4.2015 11:21:15
Inserted BAD file: scan_20150407080443.PDF 8.4.2015 11:21:30
Inserted file: 15DPFP0100003135_1.PDF 8.4.2015 11:22:00
Inserted BAD file: good_2.PDF 8.4.2015 11:22:22
Inserted file: 15DPFP0100003074_1.PDF 8.4.2015 11:22:33
Inserted file: 15DPFP0100003073_1.PDF 8.4.2015 11:22:54
Inserted file: 15DPFP0100003019_1.PDF 8.4.2015 11:23:01
Inserted file: 15DPFP0100003017_1.PDF 8.4.2015 11:23:12
Inserted file: 15DPFP0100003016_1.PDF 8.4.2015 11:23:23
Inserted file: 15DPFP0100003018_1.PDF 8.4.2015 11:23:29
Inserted BAD file: scan_20150407072002.PDF 8.4.2015 11:23:35
Inserted BAD file: scan_20150407072013.PDF 8.4.2015 11:23:41
Inserted BAD file: scan_20150407072059.PDF 8.4.2015 11:23:53
Inserted BAD file: scan_20150407073610a.PDF 8.4.2015 11:24:11
Inserted BAD file: scan_20150407073714.PDF 8.4.2015 11:24:17
Inserted BAD file: scan_20150407073853.PDF 8.4.2015 11:24:33
Inserted BAD file: scan_20150407075938.PDF 8.4.2015 11:24:40
Inserted BAD file: scan_20150407080041.PDF 8.4.2015 11:25:00
Inserted BAD file: scan_20150407080142.PDF 8.4.2015 11:25:10
Inserted file: 15DPFP0100003018_2.PDF 8.4.2015 11:25:16
Inserted BAD file: scan_20150407080443.PDF 8.4.2015 11:25:31
Inserted file: 15DPFP0100003135_1.PDF 8.4.2015 11:29:49
Inserted BAD file: good_2.PDF 8.4.2015 11:30:13
Inserted file: 15DPFP0100003074_1.PDF 8.4.2015 11:30:25
Inserted file: 15DPFP0100003073_1.PDF 8.4.2015 11:30:50
Inserted file: 15DPFP0100003019_1.PDF 8.4.2015 11:30:57
Inserted file: 15DPFP0100003017_1.PDF 8.4.2015 11:31:09
Inserted file: 15DPFP0100003016_1.PDF 8.4.2015 11:31:21
Inserted file: 15DPFP0100003018_1.PDF 8.4.2015 11:31:28
Inserted BAD file: scan_20150407072002.PDF 8.4.2015 11:31:34
Inserted BAD file: scan_20150407072013.PDF 8.4.2015 11:31:41
Inserted BAD file: scan_20150407072059.PDF 8.4.2015 11:31:55
Inserted BAD file: scan_20150407073610a.PDF 8.4.2015 11:32:15
Inserted BAD file: scan_20150407073714.PDF 8.4.2015 11:32:22
Inserted BAD file: scan_20150407073853.PDF 8.4.2015 11:32:40
Inserted BAD file: scan_20150407075938.PDF 8.4.2015 11:32:48
Inserted BAD file: scan_20150407080041.PDF 8.4.2015 11:33:09
Inserted BAD file: scan_20150407080142.PDF 8.4.2015 11:33:21
Inserted file: 15DPFP0100003018_2.PDF 8.4.2015 11:33:27
Inserted BAD file: scan_20150407080443.PDF 8.4.2015 11:33:44
Inserted BAD file: scan_20150408145856.PDF 9.4.2015 6:05:15
Inserted BAD file: scan_20150408145946.PDF 9.4.2015 6:05:33
Inserted BAD file: scan_20150408145856.PDF 9.4.2015 6:06:21
Inserted BAD file: scan_20150408145946.PDF 9.4.2015 6:06:55
Inserted BAD file: scan_20150408145856.PDF 9.4.2015 6:07:45
Inserted BAD file: scan_20150408145946.PDF 9.4.2015 6:08:42
Inserted BAD file: scan_20150408145856.PDF 9.4.2015 6:09:19
Inserted BAD file: scan_20150408145946.PDF 9.4.2015 6:09:31
Inserted BAD file: scan_20150408150434.PDF 9.4.2015 6:09:37
Inserted BAD file: ;scan_20150408145856.PDF;9.4.2015 6:13:28
Inserted BAD file: ;scan_20150408145946.PDF;9.4.2015 6:13:45
Inserted BAD file: ;scan_20150408145856.PDF;9.4.2015 6:14:41
Inserted BAD file: ;scan_20150408145946.PDF;9.4.2015 6:15:04
Inserted BAD file: ;bad1.PDF;9.4.2015 8:15:26
Inserted BAD file: ;bad2.PDF;9.4.2015 8:15:37
Inserted BAD file: ;bad3.PDF;9.4.2015 8:16:00
Inserted file: 15DPFP0100003173_1;.PDF;9.4.2015 8:16:10
Inserted file: 15DPFP0100003174_1;.PDF;9.4.2015 8:16:22
Inserted file: 15DPFP0100003175_1;.PDF;9.4.2015 8:16:35
Inserted file: 15DPFP0100003176_1;.PDF;9.4.2015 8:16:48
Inserted file: 15DPFP0100003178_1;.PDF;9.4.2015 8:17:14
Inserted file: 15DPFP0100003179_1;.PDF;9.4.2015 8:17:26
Inserted file: 15DPFP0100003180_1;.PDF;9.4.2015 8:17:41
Inserted BAD file: ;scan_20150408145856.PDF;9.4.2015 8:17:53
Inserted BAD file: ;scan_20150408145946.PDF;9.4.2015 8:18:18
Inserted BAD file: ;scan_20150408150434.PDF;9.4.2015 8:18:30
Inserted BAD file: ;scan_20150408151718.PDF;9.4.2015 8:19:04
Inserted BAD file: ;scan_20150408151741.PDF;9.4.2015 8:19:14
Inserted BAD file: ;scan_20150408151821.PDF;9.4.2015 8:19:28
Inserted BAD file: ;scan_20150408151858.PDF;9.4.2015 8:19:43
Inserted BAD file: ;bad1.PDF;9.4.2015 8:43:01
Inserted file: 15DPFP0100003172_1;.PDF;9.4.2015 8:43:19
Inserted BAD file: ;bad3.PDF;9.4.2015 8:43:57
Inserted BAD file: ;bad1.PDF;9.4.2015 8:45:12
Inserted BAD file: ;bad2.PDF;9.4.2015 8:45:25
Inserted BAD file: ;bad1.PDF;9.4.2015 8:46:13
Inserted file: 15DPFP0100003172_1;.PDF;9.4.2015 8:46:27
Inserted BAD file: ;bad3.PDF;9.4.2015 8:46:56
Inserted file: 15DPFP0100003173_1;.PDF;9.4.2015 8:47:10
Inserted file: 15DPFP0100003174_1;.PDF;9.4.2015 8:47:25
Inserted file: 15DPFP0100003175_1;.PDF;9.4.2015 8:47:39
Inserted file: 15DPFP0100003176_1;.PDF;9.4.2015 8:47:54
Inserted file: 15DPFP0100003178_1;.PDF;9.4.2015 8:48:22
Inserted file: 15DPFP0100003179_1;.PDF;9.4.2015 8:48:37
Inserted file: 15DPFP0100003180_1;.PDF;9.4.2015 8:48:52
Inserted BAD file: ;scan_20150408145856.PDF;9.4.2015 8:49:06
Inserted BAD file: ;scan_20150408145946.PDF;9.4.2015 8:49:37
Inserted BAD file: ;scan_20150408150434.PDF;9.4.2015 8:49:51
Inserted file: 15DPFP0100003163_1;.PDF;9.4.2015 8:50:27
Inserted BAD file: ;scan_20150408151741.PDF;9.4.2015 8:50:40
Inserted BAD file: ;scan_20150408151821.PDF;9.4.2015 8:50:57
Inserted BAD file: ;scan_20150408151858.PDF;9.4.2015 8:51:13
Inserted BAD file: ;bad1.PDF;9.4.2015 8:52:40
Inserted BAD file: ;bad2.PDF;9.4.2015 8:53:02
Inserted BAD file: ;bad1.PDF;9.4.2015 8:54:12
Inserted BAD file: ;bad2.PDF;9.4.2015 8:54:37
Inserted BAD file: ;bad1.PDF;9.4.2015 8:55:35
Inserted BAD file: ;bad2.PDF;9.4.2015 8:55:45
Inserted BAD file: ;bad3.PDF;9.4.2015 8:56:05
Inserted file: 15DPFP0100003173_1;.PDF;9.4.2015 8:56:14
Inserted file: 15DPFP0100003174_1;.PDF;9.4.2015 8:56:24
Inserted file: 15DPFP0100003175_1;.PDF;9.4.2015 8:56:35
Inserted file: 15DPFP0100003176_1;.PDF;9.4.2015 8:56:45
Inserted file: 15DPFP0100003178_1;.PDF;9.4.2015 8:57:04
Inserted file: 15DPFP0100003179_1;.PDF;9.4.2015 8:57:14
Inserted file: 15DPFP0100003180_1;.PDF;9.4.2015 8:57:24
Inserted BAD file: ;scan_20150408145856.PDF;9.4.2015 8:57:33
Inserted BAD file: ;scan_20150408145946.PDF;9.4.2015 8:57:54
Inserted BAD file: ;scan_20150408150434.PDF;9.4.2015 8:58:04
Inserted BAD file: ;scan_20150408151718.PDF;9.4.2015 8:58:29
Inserted BAD file: ;scan_20150408151741.PDF;9.4.2015 8:58:39
Inserted BAD file: ;scan_20150408151821.PDF;9.4.2015 8:58:52
Inserted BAD file: ;scan_20150408151858.PDF;9.4.2015 8:59:06
Inserted BAD file: ;bad1.PDF;10.4.2015 7:41:34
Inserted BAD file: ;bad2.PDF;10.4.2015 7:41:41
Inserted BAD file: ;bad1.PDF;10.4.2015 7:42:23
Inserted BAD file: ;bad2.PDF;10.4.2015 7:42:30
Inserted BAD file: ;bad1.PDF;10.4.2015 7:43:10
Inserted BAD file: ;bad2.PDF;10.4.2015 7:43:20
Inserted BAD file: ;bad1.PDF;10.4.2015 7:48:58
Inserted BAD file: ;bad2.PDF;10.4.2015 7:49:13
Inserted BAD file: ;bad1.PDF;10.4.2015 8:01:48
Inserted BAD file: ;bad2.PDF;10.4.2015 8:01:55
Inserted BAD file: ;bad3.PDF;10.4.2015 8:02:03
Inserted file: 15DPFP0100003232_1;.PDF;10.4.2015 8:02:10
Inserted file: 15DPFP0100003221_1;.PDF;10.4.2015 8:02:26
Inserted file: 15DPFP0100003217_1;.PDF;10.4.2015 8:02:34
Inserted BAD file: ;bad1.PDF;10.4.2015 8:05:04
Inserted BAD file: ;bad2.PDF;10.4.2015 8:05:10
Inserted BAD file: ;bad3.PDF;10.4.2015 8:05:17
Inserted file: 15DPFP0100003232_1;.PDF;10.4.2015 8:05:22
Inserted file: 15DPFP0100003221_1;.PDF;10.4.2015 8:05:36
Inserted file: 15DPFP0100003217_1;.PDF;10.4.2015 8:05:43
Inserted BAD file: ;bad1.PDF;10.4.2015 8:11:24
Inserted BAD file: ;bad2.PDF;10.4.2015 8:11:40
Inserted BAD file: ;bad3.PDF;10.4.2015 8:11:56
Inserted file: 15DPFP0100003232_1;.PDF;10.4.2015 8:12:11
Inserted file: 15DPFP0100003221_1;.PDF;10.4.2015 8:12:47
Inserted BAD file: ;bad1.PDF;10.4.2015 8:13:36
Inserted BAD file: ;bad2.PDF;10.4.2015 8:13:41
Inserted BAD file: ;bad3.PDF;10.4.2015 8:13:46
Inserted file: 15DPFP0100003232_1;.PDF;10.4.2015 8:13:50
Inserted file: 15DPFP0100003221_1;.PDF;10.4.2015 8:14:02
Inserted file: 15DPFP0100003217_1;.PDF;10.4.2015 8:14:07
Inserted BAD file: ;bad1.PDF;10.4.2015 8:18:13
Inserted BAD file: ;bad2.PDF;10.4.2015 8:18:20
Inserted BAD file: ;bad3.PDF;10.4.2015 8:18:28
Inserted file: 15DPFP0100003232_1;.PDF;10.4.2015 8:18:35
Inserted file: 15DPFP0100003221_1;.PDF;10.4.2015 8:18:53
Inserted file: 15DPFP0100003217_1;.PDF;10.4.2015 8:19:01
Inserted BAD file: ;bad1.PDF;10.4.2015 8:19:21
Inserted BAD file: ;bad2.PDF;10.4.2015 8:19:30
Inserted BAD file: ;bad3.PDF;10.4.2015 8:19:39
Inserted file: 15DPFP0100003232_1;.PDF;10.4.2015 8:19:45
Inserted file: 15DPFP0100003221_1;.PDF;10.4.2015 8:20:03
Inserted file: 15DPFP0100003217_1;.PDF;10.4.2015 8:20:11
Inserted BAD file: ;1.pdf;10.4.2015 9:46:26
Inserted BAD file: ;10.pdf;10.4.2015 9:46:29
Inserted BAD file: ;11.pdf;10.4.2015 9:46:31
Inserted BAD file: ;12.pdf;10.4.2015 9:46:33
Inserted BAD file: ;13.pdf;10.4.2015 9:46:35
Inserted BAD file: ;2.pdf;10.4.2015 9:46:38
Inserted file: 15DPFP0100003218_1;.pdf;10.4.2015 9:46:40
Inserted BAD file: ;4.pdf;10.4.2015 9:46:43
Inserted BAD file: ;5.pdf;10.4.2015 9:46:45
Inserted BAD file: ;6.pdf;10.4.2015 9:46:48
Inserted BAD file: ;7.pdf;10.4.2015 9:46:50
Inserted BAD file: ;8.pdf;10.4.2015 9:46:53
Inserted file: 15DPFP0100003221_1;.pdf;10.4.2015 9:46:55
Inserted BAD file: ;1.pdf;10.4.2015 9:47:39
Inserted BAD file: ;10.pdf;10.4.2015 9:47:41
Inserted BAD file: ;11.pdf;10.4.2015 9:47:43
Inserted BAD file: ;12.pdf;10.4.2015 9:47:45
Inserted BAD file: ;13.pdf;10.4.2015 9:47:47
Inserted BAD file: ;2.pdf;10.4.2015 9:47:49
Inserted file: 15DPFP0100003218_1;.pdf;10.4.2015 9:47:52
Inserted BAD file: ;4.pdf;10.4.2015 9:47:54
Inserted BAD file: ;5.pdf;10.4.2015 9:47:56
Inserted BAD file: ;6.pdf;10.4.2015 9:47:59
Inserted BAD file: ;7.pdf;10.4.2015 9:48:01
Inserted BAD file: ;8.pdf;10.4.2015 9:48:03
Inserted BAD file: ;9.pdf;10.4.2015 9:48:05
Inserted BAD file: ;1.pdf;10.4.2015 9:48:34
Inserted BAD file: ;10.pdf;10.4.2015 9:48:36
Inserted BAD file: ;11.pdf;10.4.2015 9:48:38
Inserted BAD file: ;12.pdf;10.4.2015 9:48:40
Inserted BAD file: ;13.pdf;10.4.2015 9:48:42
Inserted BAD file: ;2.pdf;10.4.2015 9:48:44
Inserted file: 15DPFP0100003218_1;.pdf;10.4.2015 9:48:46
Inserted BAD file: ;4.pdf;10.4.2015 9:48:48
Inserted BAD file: ;5.pdf;10.4.2015 9:48:50
Inserted BAD file: ;6.pdf;10.4.2015 9:48:52
Inserted BAD file: ;7.pdf;10.4.2015 9:48:54
Inserted BAD file: ;8.pdf;10.4.2015 9:48:56
Inserted BAD file: ;9.pdf;10.4.2015 9:48:58
Inserted BAD file: ;1.pdf;10.4.2015 9:49:30
Inserted BAD file: ;10.pdf;10.4.2015 9:49:33
Inserted BAD file: ;11.pdf;10.4.2015 9:49:36
Inserted BAD file: ;12.pdf;10.4.2015 9:49:39
Inserted BAD file: ;13.pdf;10.4.2015 9:49:42
Inserted BAD file: ;2.pdf;10.4.2015 9:49:45
Inserted BAD file: ;3.pdf;10.4.2015 9:49:48
Inserted BAD file: ;4.pdf;10.4.2015 9:49:52
Inserted BAD file: ;5.pdf;10.4.2015 9:49:55
Inserted BAD file: ;6.pdf;10.4.2015 9:49:58
Inserted BAD file: ;7.pdf;10.4.2015 9:50:01
Inserted BAD file: ;8.pdf;10.4.2015 9:50:05
Inserted BAD file: ;9.pdf;10.4.2015 9:50:08
Inserted BAD file: ;1.pdf;10.4.2015 9:51:47
Inserted BAD file: ;10.pdf;10.4.2015 9:51:50
Inserted BAD file: ;11.pdf;10.4.2015 9:51:54
Inserted BAD file: ;12.pdf;10.4.2015 9:51:57
Inserted BAD file: ;13.pdf;10.4.2015 9:52:00
Inserted BAD file: ;2.pdf;10.4.2015 9:52:03
Inserted BAD file: ;3.pdf;10.4.2015 9:52:07
Inserted BAD file: ;4.pdf;10.4.2015 9:52:11
Inserted BAD file: ;5.pdf;10.4.2015 9:52:14
Inserted BAD file: ;6.pdf;10.4.2015 9:52:17
Inserted BAD file: ;7.pdf;10.4.2015 9:52:21
Inserted BAD file: ;8.pdf;10.4.2015 9:52:24
Inserted file: 15DPFP0100003221_1;.pdf;10.4.2015 9:52:27
Inserted BAD file: ;scan from xerox 7538.pdf;10.4.2015 9:56:26
Inserted BAD file: ;scan from xerox 7538.pdf;10.4.2015 9:58:35
Inserted BAD file: ;1.pdf;10.4.2015 10:05:20
Inserted BAD file: ;2.pdf;10.4.2015 10:05:23
Inserted BAD file: ;3.pdf;10.4.2015 10:05:25
Inserted BAD file: ;4.pdf;10.4.2015 10:05:27
Inserted BAD file: ;5.pdf;10.4.2015 10:05:29
Inserted BAD file: ;6.pdf;10.4.2015 10:05:32
Inserted BAD file: ;7.pdf;10.4.2015 10:05:34
Inserted BAD file: ;1.pdf;10.4.2015 10:24:41
Inserted BAD file: ;2.pdf;10.4.2015 10:24:43
Inserted BAD file: ;3.pdf;10.4.2015 10:24:45
Inserted BAD file: ;4.pdf;10.4.2015 10:24:48
Inserted BAD file: ;5.pdf;10.4.2015 10:24:50
Inserted BAD file: ;6.pdf;10.4.2015 10:24:53
Inserted BAD file: ;7.pdf;10.4.2015 10:24:55
Inserted BAD file: ;8.pdf;10.4.2015 10:24:58
Inserted BAD file: ;9.pdf;10.4.2015 10:25:00
Inserted BAD file: ;1.pdf;10.4.2015 10:25:44
Inserted BAD file: ;2.pdf;10.4.2015 10:25:46
Inserted BAD file: ;3.pdf;10.4.2015 10:25:48
Inserted BAD file: ;4.pdf;10.4.2015 10:25:51
Inserted BAD file: ;5.pdf;10.4.2015 10:25:53
Inserted BAD file: ;6.pdf;10.4.2015 10:25:55
Inserted BAD file: ;7.pdf;10.4.2015 10:25:58
Inserted BAD file: ;8.pdf;10.4.2015 10:26:00
Inserted BAD file: ;9.pdf;10.4.2015 10:26:03
Inserted BAD file: ;1.pdf;10.4.2015 10:26:36
Inserted BAD file: ;2.pdf;10.4.2015 10:26:37
Inserted BAD file: ;3.pdf;10.4.2015 10:26:39
Inserted BAD file: ;4.pdf;10.4.2015 10:26:40
Inserted BAD file: ;5.pdf;10.4.2015 10:26:42
Inserted BAD file: ;6.pdf;10.4.2015 10:26:43
Inserted BAD file: ;7.pdf;10.4.2015 10:26:45
Inserted BAD file: ;8.pdf;10.4.2015 10:26:47
Inserted BAD file: ;9.pdf;10.4.2015 10:26:48
Inserted BAD file: ;1.pdf;10.4.2015 10:28:28
Inserted BAD file: ;2.pdf;10.4.2015 10:28:30
Inserted BAD file: ;3.pdf;10.4.2015 10:28:33
Inserted BAD file: ;4.pdf;10.4.2015 10:28:35
Inserted BAD file: ;5.pdf;10.4.2015 10:28:38
Inserted BAD file: ;6.pdf;10.4.2015 10:28:41
Inserted BAD file: ;7.pdf;10.4.2015 10:28:44
Inserted BAD file: ;8.pdf;10.4.2015 10:28:47
Inserted BAD file: ;9.pdf;10.4.2015 10:28:50
Inserted BAD file: ;1.pdf;10.4.2015 10:35:34
Inserted BAD file: ;2.pdf;10.4.2015 10:35:36
Inserted BAD file: ;3.pdf;10.4.2015 10:35:39
Inserted BAD file: ;4.pdf;10.4.2015 10:35:41
Inserted BAD file: ;5.pdf;10.4.2015 10:35:44
Inserted BAD file: ;6.pdf;10.4.2015 10:35:46
Inserted BAD file: ;1.pdf;10.4.2015 10:37:21
Inserted BAD file: ;2.pdf;10.4.2015 10:37:24
Inserted BAD file: ;3.pdf;10.4.2015 10:37:26
Inserted BAD file: ;4.pdf;10.4.2015 10:37:28
Inserted BAD file: ;5.pdf;10.4.2015 10:37:31
Inserted BAD file: ;6.pdf;10.4.2015 10:37:33
Inserted BAD file: ;1.pdf;10.4.2015 10:37:42
Inserted BAD file: ;2.pdf;10.4.2015 10:37:44
Inserted BAD file: ;3.pdf;10.4.2015 10:37:46
Inserted BAD file: ;4.pdf;10.4.2015 10:37:49
Inserted BAD file: ;5.pdf;10.4.2015 10:37:51
Inserted BAD file: ;6.pdf;10.4.2015 10:37:53
Inserted file: 15DPFP0100003225_1;.pdf;10.4.2015 10:55:55
Inserted file: 15DPFP0100003227_1;.pdf;10.4.2015 10:55:57
Inserted file: 15DPFP0100003221_1;.pdf;10.4.2015 10:55:59
Inserted file: 15DPFP0100003218_1;.pdf;10.4.2015 10:56:02
Inserted file: 15DPFP0100003242_1;.pdf;10.4.2015 10:56:04
Inserted BAD file: ;6.pdf;10.4.2015 10:56:07
Inserted file: 15DPFP0100003225_1;.pdf;10.4.2015 10:58:30
Inserted file: 15DPFP0100003227_1;.pdf;10.4.2015 10:58:32
Inserted file: 15DPFP0100003221_1;.pdf;10.4.2015 10:58:34
Inserted file: 15DPFP0100003218_1;.pdf;10.4.2015 10:58:37
Inserted file: 15DPFP0100003242_1;.pdf;10.4.2015 10:58:39
Inserted BAD file: ;6.pdf;10.4.2015 10:58:42
Inserted file: 15DPFP0100003225_2;.pdf;10.4.2015 10:59:46
Inserted file: 15DPFP0100003227_2;.pdf;10.4.2015 10:59:48
Inserted file: 15DPFP0100003221_2;.pdf;10.4.2015 10:59:51
Inserted file: 15DPFP0100003218_2;.pdf;10.4.2015 10:59:54
Inserted file: 15DPFP0100003242_2;.pdf;10.4.2015 10:59:57
Inserted file: 15DPFP0100003225_1;.pdf;10.4.2015 11:00:30
Inserted file: 15DPFP0100003227_1;.pdf;10.4.2015 11:00:32
Inserted file: 15DPFP0100003221_1;.pdf;10.4.2015 11:00:35
Inserted file: 15DPFP0100003218_1;.pdf;10.4.2015 11:00:37
Inserted file: 15DPFP0100003242_1;.pdf;10.4.2015 11:00:40
Inserted file: 15DPFP0100003225_1;.pdf;10.4.2015 11:12:54
Inserted file: 15DPFP0100003227_1;.pdf;10.4.2015 11:12:57
Inserted file: 15DPFP0100003221_1;.pdf;10.4.2015 11:12:59
Inserted file: 15DPFP0100003218_1;.pdf;10.4.2015 11:13:01
Inserted file: 15DPFP0100003242_1;.pdf;10.4.2015 11:13:05
Inserted file: 15DPFP0100003225_2;.pdf;10.4.2015 11:13:48
Inserted file: 15DPFP0100003227_2;.pdf;10.4.2015 11:13:50
Inserted file: 15DPFP0100003221_2;.pdf;10.4.2015 11:13:53
Inserted file: 15DPFP0100003218_2;.pdf;10.4.2015 11:13:55
Inserted file: 15DPFP0100003242_2;.pdf;10.4.2015 11:13:58
Inserted BAD file: ;scan_20150410090109.PDF;10.4.2015 11:14:04
Inserted BAD file: ;scan_20150408150434.PDF;14.4.2015 6:30:09
Inserted BAD file: ;scan_20150410070106.PDF;14.4.2015 6:30:50
Inserted BAD file: ;scan_20150413132837.PDF;14.4.2015 6:31:19
Inserted BAD file: ;scan_20150413134827.PDF;14.4.2015 6:31:52
Inserted BAD file: ;scan_20150408150434.PDF;14.4.2015 6:32:47
Inserted BAD file: ;scan_20150410070106.PDF;14.4.2015 6:33:31
Inserted BAD file: ;scan_20150413132837.PDF;14.4.2015 6:34:06
Inserted BAD file: ;scan_20150413134827.PDF;14.4.2015 6:34:41
Inserted BAD file: ;scan_20150408150434.PDF;14.4.2015 6:35:52
Inserted BAD file: ;scan_20150408150434.PDF;14.4.2015 6:37:41
Inserted BAD file: ;scan_20150408150434.PDF;14.4.2015 6:38:39
Inserted BAD file: ;scan_20150410070106.PDF;14.4.2015 6:38:52
Inserted BAD file: ;scan_20150413132837.PDF;14.4.2015 6:39:04
Inserted BAD file: ;scan_20150413134827.PDF;14.4.2015 6:39:18
Inserted BAD file: ;scan_20150408150434.PDF;14.4.2015 6:39:54
Inserted BAD file: ;scan_20150410070106.PDF;14.4.2015 6:40:03
Inserted BAD file: ;scan_20150413132837.PDF;14.4.2015 6:40:06
Inserted BAD file: ;scan_20150413134827.PDF;14.4.2015 6:40:10
Inserted BAD file: ;scan_20150408150434.PDF;14.4.2015 6:41:06
Inserted BAD file: ;scan_20150410070106.PDF;14.4.2015 6:41:14
Inserted BAD file: ;scan_20150413132837.PDF;14.4.2015 6:41:19
Inserted BAD file: ;scan_20150413134827.PDF;14.4.2015 6:41:23
Inserted BAD file: ;scan_20150408150434.PDF;14.4.2015 6:44:15
Inserted BAD file: ;scan_20150410070106.PDF;14.4.2015 6:44:58
Inserted BAD file: ;scan_20150413132837.PDF;14.4.2015 6:45:28
Inserted BAD file: ;scan_20150413134827.PDF;14.4.2015 6:45:58
Inserted BAD file: ;scan_20150408150434.PDF;14.4.2015 6:46:42
Inserted BAD file: ;scan_20150410070106.PDF;14.4.2015 6:47:21
Inserted BAD file: ;scan_20150408150434.PDF;14.4.2015 6:49:25
Inserted BAD file: ;scan_20150410070106.PDF;14.4.2015 6:50:06
Inserted BAD file: ;scan_20150408150434.PDF;14.4.2015 6:51:19
Inserted BAD file: ;scan_20150410070106.PDF;14.4.2015 6:51:59
Inserted BAD file: ;scan_20150408150434.PDF;14.4.2015 6:53:17
Inserted BAD file: ;scan_20150410070106.PDF;14.4.2015 6:53:24
Inserted BAD file: ;scan_20150413132837.PDF;14.4.2015 6:53:32
Inserted BAD file: ;scan_20150413134827.PDF;14.4.2015 6:53:39
Inserted BAD file: ;scan_20150408150434.PDF;14.4.2015 6:54:07
Inserted BAD file: ;scan_20150410070106.PDF;14.4.2015 6:54:14
Inserted BAD file: ;scan_20150413132837.PDF;14.4.2015 6:54:24
Inserted BAD file: ;scan_20150413134827.PDF;14.4.2015 6:54:30
Inserted BAD file: ;scan_20150408150434.PDF;14.4.2015 6:57:49
Inserted BAD file: ;scan_20150410070106.PDF;14.4.2015 6:58:32
Inserted BAD file: ;scan_20150413132837.PDF;14.4.2015 6:59:02
Inserted BAD file: ;scan_20150408150434.PDF;14.4.2015 7:00:23
Inserted BAD file: ;scan_20150410070106.PDF;14.4.2015 7:00:53
Inserted BAD file: ;scan_20150413132837.PDF;14.4.2015 7:01:14
Inserted BAD file: ;scan_20150408150434.PDF;14.4.2015 7:06:46
Inserted BAD file: ;scan_20150410070106.PDF;14.4.2015 7:07:28
Inserted BAD file: ;scan_20150413132837.PDF;14.4.2015 7:08:00
Inserted BAD file: ;scan_20150413134827.PDF;14.4.2015 7:08:32
Inserted BAD file: ;scan_20150408150434.PDF;14.4.2015 7:09:37
Inserted BAD file: ;scan_20150410070106.PDF;14.4.2015 7:10:17
Inserted BAD file: ;scan_20150413132837.PDF;14.4.2015 7:10:45
Inserted BAD file: ;scan_20150413134827.PDF;14.4.2015 7:11:18
Inserted file: 15DPFP0100003381_1;.PDF;14.4.2015 13:16:10
Inserted file: 15DPFP0100003382_1;.PDF;14.4.2015 13:16:22
Inserted BAD file: ;Logistická příručka dodavatele TVD.PDF;22.4.2015 10:59:28
Inserted BAD file: ;test.pdf;22.4.2015 10:59:47
Inserted BAD file: ;VNP TVD.PDF;22.4.2015 10:59:57
Inserted BAD file: ;Logistická příručka dodavatele TVD.PDF;22.4.2015 11:00:57
Inserted BAD file: ;test.pdf;22.4.2015 11:01:22
Inserted BAD file: ;VNP TVD.PDF;22.4.2015 11:01:33
Inserted BAD file: ;Logistická příručka dodavatele TVD.PDF;22.4.2015 11:18:09
Inserted BAD file: ;test.pdf;22.4.2015 11:18:28
Inserted BAD file: ;VNP TVD.PDF;22.4.2015 11:18:38
Inserted BAD file: ;Logistická příručka dodavatele TVD.PDF;22.4.2015 11:21:40
Inserted BAD file: ;test.pdf;22.4.2015 11:21:59
Inserted BAD file: ;VNP TVD.PDF;22.4.2015 11:22:09
Inserted BAD file: ;Logistická příručka dodavatele TVD.PDF;22.4.2015 11:23:22
Inserted BAD file: ;test.pdf;22.4.2015 11:23:44
Inserted BAD file: ;VNP TVD.PDF;22.4.2015 11:23:54
Inserted BAD file: ;Logistická příručka dodavatele TVD.PDF;22.4.2015 11:24:43
Inserted BAD file: ;test.pdf;22.4.2015 11:25:02
Inserted BAD file: ;VNP TVD.PDF;22.4.2015 11:25:12
Inserted BAD file: ;Logistická příručka dodavatele TVD.PDF;22.4.2015 11:29:18
Inserted BAD file: ;Logistická příručka dodavatele TVD.PDF;22.4.2015 12:19:45
Inserted BAD file: ;test.pdf;22.4.2015 12:20:04
Inserted BAD file: ;VNP TVD.PDF;22.4.2015 12:20:14
Inserted BAD file: ;Logistická příručka dodavatele TVD.PDF;22.4.2015 12:23:53
Inserted BAD file: ;test.pdf;22.4.2015 12:24:13
Inserted BAD file: ;VNP TVD.PDF;22.4.2015 12:24:23
Inserted BAD file: ;Logistická příručka dodavatele TVD.PDF;22.4.2015 12:25:53
Inserted BAD file: ;Logistická příručka dodavatele TVD_1..PDF;22.4.2015 12:25:54
Inserted BAD file: ;Logistická příručka dodavatele TVD_2..PDF;22.4.2015 12:25:54
Inserted BAD file: ;Logistická příručka dodavatele TVD_3..PDF;22.4.2015 12:25:54
Inserted BAD file: ;Logistická příručka dodavatele TVD_4..PDF;22.4.2015 12:25:54
Inserted BAD file: ;Logistická příručka dodavatele TVD_5..PDF;22.4.2015 12:25:54
Inserted BAD file: ;Logistická příručka dodavatele TVD_6..PDF;22.4.2015 12:25:54
Inserted BAD file: ;test.pdf;22.4.2015 12:26:14
Inserted BAD file: ;test_1..pdf;22.4.2015 12:26:16
Inserted BAD file: ;test_2..pdf;22.4.2015 12:26:20
Inserted BAD file: ;test_3..pdf;22.4.2015 12:26:24
Inserted BAD file: ;test_4..pdf;22.4.2015 12:26:28
Inserted BAD file: ;test_5..pdf;22.4.2015 12:26:32
Inserted BAD file: ;test_6..pdf;22.4.2015 12:26:37
Inserted BAD file: ;VNP TVD.PDF;22.4.2015 12:26:49
Inserted BAD file: ;VNP TVD_3..PDF;22.4.2015 12:26:59
Inserted BAD file: ;Logistická příručka dodavatele TVD.PDF;22.4.2015 12:30:33
Inserted BAD file: ;Logistická příručka dodavatele TVD_1..PDF;22.4.2015 12:30:33
Inserted BAD file: ;Logistická příručka dodavatele TVD_2..PDF;22.4.2015 12:30:33
Inserted BAD file: ;Logistická příručka dodavatele TVD_3..PDF;22.4.2015 12:30:33
Inserted BAD file: ;Logistická příručka dodavatele TVD_4..PDF;22.4.2015 12:30:33
Inserted BAD file: ;Logistická příručka dodavatele TVD_5..PDF;22.4.2015 12:30:33
Inserted BAD file: ;Logistická příručka dodavatele TVD_6..PDF;22.4.2015 12:30:33
Inserted BAD file: ;testa.pdf;22.4.2015 12:30:52
Inserted BAD file: ;test_1..pdf;22.4.2015 12:30:55
Inserted BAD file: ;test_2..pdf;22.4.2015 12:30:58
Inserted BAD file: ;test_3..pdf;22.4.2015 12:31:02
Inserted BAD file: ;test_4..pdf;22.4.2015 12:31:05
Inserted BAD file: ;test_5..pdf;22.4.2015 12:31:09
Inserted BAD file: ;test_6..pdf;22.4.2015 12:31:13
Inserted BAD file: ;VNP TVD.PDF;22.4.2015 12:31:23
Inserted BAD file: ;VNP TVD_3..PDF;22.4.2015 12:31:34
Inserted BAD file: ;Logistická příručka dodavatele TVD.PDF;22.4.2015 12:38:19
Inserted BAD file: ;Logistická příručka dodavatele TVD.PDF;22.4.2015 12:40:52
Inserted BAD file: ;Logistická příručka dodavatele TVD_1.PDF;22.4.2015 12:40:52
Inserted BAD file: ;Logistická příručka dodavatele TVD_1_1.PDF;22.4.2015 12:40:52
Inserted BAD file: ;Logistická příručka dodavatele TVD_2.PDF;22.4.2015 12:40:52
Inserted BAD file: ;Logistická příručka dodavatele TVD_2_1.PDF;22.4.2015 12:40:52
Inserted BAD file: ;Logistická příručka dodavatele TVD_3.PDF;22.4.2015 12:40:52
Inserted BAD file: ;Logistická příručka dodavatele TVD_3_1.PDF;22.4.2015 12:40:52
Inserted BAD file: ;Logistická příručka dodavatele TVD_4.PDF;22.4.2015 12:40:53
Inserted BAD file: ;Logistická příručka dodavatele TVD_4_1.PDF;22.4.2015 12:40:53
Inserted BAD file: ;Logistická příručka dodavatele TVD_5.PDF;22.4.2015 12:40:53
Inserted BAD file: ;Logistická příručka dodavatele TVD_5_1.PDF;22.4.2015 12:40:53
Inserted BAD file: ;Logistická příručka dodavatele TVD_6.PDF;22.4.2015 12:40:53
Inserted BAD file: ;Logistická příručka dodavatele TVD_6_1.PDF;22.4.2015 12:40:53
Inserted BAD file: ;Logistická příručka dodavatele TVD.PDF;22.4.2015 13:02:51
Inserted BAD file: ;test.pdf;22.4.2015 13:03:10
Inserted BAD file: ;VNP TVD.PDF;22.4.2015 13:03:20
Inserted BAD file: ;Logistická příručka dodavatele TVD.PDF;23.4.2015 6:27:33
Inserted BAD file: ;Logistická příručka dodavatele TVD_1.PDF;23.4.2015 6:27:33
Inserted BAD file: ;Logistická příručka dodavatele TVD_2.PDF;23.4.2015 6:27:33
Inserted BAD file: ;Logistická příručka dodavatele TVD_3.PDF;23.4.2015 6:27:33
Inserted BAD file: ;Logistická příručka dodavatele TVD_4.PDF;23.4.2015 6:27:33
Inserted BAD file: ;Logistická příručka dodavatele TVD_5.PDF;23.4.2015 6:27:34
Inserted BAD file: ;Logistická příručka dodavatele TVD_6.PDF;23.4.2015 6:27:34
Inserted BAD file: ;VNP TVDA.PDF;23.4.2015 6:27:44
Inserted BAD file: ;Logistická příručka dodavatele TVD.PDF;23.4.2015 6:32:38
Inserted BAD file: ;Logistická příručka dodavatele TVD_1.PDF;23.4.2015 6:32:38
Inserted BAD file: ;Logistická příručka dodavatele TVD_2.PDF;23.4.2015 6:32:39
Inserted BAD file: ;Logistická příručka dodavatele TVD_3.PDF;23.4.2015 6:32:39
Inserted BAD file: ;Logistická příručka dodavatele TVD_4.PDF;23.4.2015 6:32:39
Inserted BAD file: ;Logistická příručka dodavatele TVD_5.PDF;23.4.2015 6:32:39
Inserted BAD file: ;Logistická příručka dodavatele TVD_6.PDF;23.4.2015 6:32:39
Inserted BAD file: ;Logistická příručka dodavatele TVD_1_1.PDF;23.4.2015 6:40:47
Inserted BAD file: ;Logistická příručka dodavatele TVD_2_1.PDF;23.4.2015 6:40:47
Inserted BAD file: ;Logistická příručka dodavatele TVD_3.PDF;23.4.2015 6:40:47
Inserted BAD file: ;Logistická příručka dodavatele TVD_3_1.PDF;23.4.2015 6:40:48
Inserted BAD file: ;Logistická příručka dodavatele TVD_4.PDF;23.4.2015 6:40:48
Inserted BAD file: ;Logistická příručka dodavatele TVD_4_1.PDF;23.4.2015 6:40:48
Inserted BAD file: ;Logistická příručka dodavatele TVD_5_1.PDF;23.4.2015 6:40:48
Inserted BAD file: ;Logistická příručka dodavatele TVD_6_1.PDF;23.4.2015 6:40:48
Inserted BAD file: ;Logistická příručka dodavatele TVD.PDF;23.4.2015 6:42:13
Inserted BAD file: ;Logistická příručka dodavatele TVD_1.PDF;23.4.2015 6:42:14
Inserted BAD file: ;Logistická příručka dodavatele TVD_2.PDF;23.4.2015 6:42:14
Inserted BAD file: ;Logistická příručka dodavatele TVD_3.PDF;23.4.2015 6:42:14
Inserted BAD file: ;Logistická příručka dodavatele TVD_4.PDF;23.4.2015 6:42:14
Inserted BAD file: ;Logistická příručka dodavatele TVD_5.PDF;23.4.2015 6:42:14
Inserted BAD file: ;Logistická příručka dodavatele TVD_6.PDF;23.4.2015 6:42:14
Inserted BAD file: ;areal.pdf;23.4.2015 6:53:46
Inserted BAD file: ;Logistická příručka dodavatele TVD.PDF;23.4.2015 6:53:47
Inserted BAD file: ;test.pdf;23.4.2015 6:54:05
Inserted BAD file: ;VNP TVD.PDF;23.4.2015 6:54:16
Inserted BAD file: ;areal.pdf;23.4.2015 6:59:13
Inserted BAD file: ;Logistická příručka dodavatele TVD.PDF;23.4.2015 6:59:13
Inserted BAD file: ;test.pdf;23.4.2015 6:59:32
Inserted BAD file: ;VNP TVD.PDF;23.4.2015 6:59:43
Inserted BAD file: ;test.pdf;23.4.2015 7:00:01
Inserted BAD file: ;VNP TVD.PDF;23.4.2015 7:00:11
Inserted BAD file: ;VNP TVD.PDF1.png;23.4.2015 7:00:11
Inserted BAD file: ;areal_1.pdf;23.4.2015 7:08:17
Inserted BAD file: ;test_1.pdf;23.4.2015 7:08:20
Inserted BAD file: ;test_2.pdf;23.4.2015 7:08:23
Inserted BAD file: ;test_3.pdf;23.4.2015 7:08:26
Inserted BAD file: ;test_4.pdf;23.4.2015 7:08:30
Inserted BAD file: ;test_5.pdf;23.4.2015 7:08:34
Inserted BAD file: ;test_6.pdf;23.4.2015 7:08:37
Inserted BAD file: ;VNP TVD_3.PDF;23.4.2015 7:08:47
Inserted BAD file: ;VNP TVDA_3.PDF;23.4.2015 7:12:38
Inserted BAD file: ;Logistická příručka dodavatele TVD_1.PDF;23.4.2015 7:12:38
Inserted BAD file: ;Logistická příručka dodavatele TVD_2.PDF;23.4.2015 7:12:38
Inserted BAD file: ;Logistická příručka dodavatele TVD_3.PDF;23.4.2015 7:12:38
Inserted BAD file: ;Logistická příručka dodavatele TVD_4.PDF;23.4.2015 7:12:38
Inserted BAD file: ;Logistická příručka dodavatele TVD_5.PDF;23.4.2015 7:12:38
Inserted BAD file: ;Logistická příručka dodavatele TVD_6.PDF;23.4.2015 7:12:38
Inserted BAD file: ;sc_1.PDF;23.4.2015 9:05:27
Inserted BAD file: ;sc_1.PDF;23.4.2015 9:07:18
Inserted BAD file: ;sc_1.PDF;23.4.2015 9:07:42
Inserted BAD file: ;sc_1_1.PDF;23.4.2015 9:09:17
Inserted BAD file: ;sc_1_1_1.PDF;23.4.2015 9:09:29
Inserted BAD file: ;sc_1_1_1_1.PDF;23.4.2015 9:09:40
Inserted BAD file: ;sc_1_1_1_1_1.PDF;23.4.2015 9:13:28
Inserted BAD file: ;sc_1_1_1_1_1_1.PDF;23.4.2015 9:14:16
Inserted BAD file: ;sc_1_1_1_1_1_1_1.PDF;23.4.2015 9:14:21
Inserted BAD file: ;sc_1_1_1_1_1_1_1_1.PDF;23.4.2015 9:14:57
Inserted BAD file: ;sc_1_1_1_1_1_1_1_1_1.PDF;23.4.2015 9:15:03
Inserted BAD file: ;sc.PDF;23.4.2015 9:23:13
Inserted BAD file: ;sc_1.PDF;23.4.2015 9:23:16
Inserted BAD file: ;sc_1_1.PDF;23.4.2015 9:23:21
Inserted BAD file: ;sc_1.PDF;23.4.2015 9:23:44
Inserted BAD file: ;sc_1.PDF;23.4.2015 9:24:01
Inserted BAD file: ;sc_1_1.PDF;23.4.2015 9:24:03
Inserted BAD file: ;sc.PDF;23.4.2015 9:24:20
Inserted BAD file: ;sc_1.PDF;23.4.2015 9:24:22
Inserted BAD file: ;sc_1.PDF;23.4.2015 9:26:59
Inserted BAD file: ;sc_1.PDF;23.4.2015 9:27:04
Inserted BAD file: ;sc_1_1.PDF;23.4.2015 9:27:06
Inserted BAD file: ;sc_1.PDF;23.4.2015 9:27:26
Inserted BAD file: ;sc.PDF;23.4.2015 9:27:53
Inserted BAD file: ;sc_1.PDF;23.4.2015 9:27:55
Inserted BAD file: ;sc_1.PDF;23.4.2015 9:28:17
Inserted BAD file: ;sc.PDF;23.4.2015 9:28:46
Inserted BAD file: ;sc_1.PDF;23.4.2015 9:28:48
Inserted BAD file: ;sc.PDF;23.4.2015 9:31:19
Inserted BAD file: ;sc_1.PDF;23.4.2015 9:31:32
Inserted BAD file: ;sc_1.PDF;23.4.2015 9:31:51
Inserted BAD file: ;sc_1.PDF;23.4.2015 9:33:08
Inserted BAD file: ;SCTEST_2.pdf;23.4.2015 9:48:18
Inserted BAD file: ;SCTEST_5.pdf;23.4.2015 9:48:23
Inserted BAD file: ;SCTEST_6.pdf;23.4.2015 9:48:25
Inserted BAD file: ;SCTEST_2.pdf;23.4.2015 9:49:00
Inserted BAD file: ;SCTEST_5.pdf;23.4.2015 9:49:04
Inserted BAD file: ;SCTEST_6.pdf;23.4.2015 9:49:07
Inserted BAD file: ;SCTEST_2.pdf;23.4.2015 9:51:05
Inserted BAD file: ;SCTEST_5.pdf;23.4.2015 9:51:10
Inserted BAD file: ;SCTEST_6.pdf;23.4.2015 9:51:13
Inserted BAD file: ;SCTEST_2.pdf;23.4.2015 10:07:10
Inserted BAD file: ;SCTEST_5.pdf;23.4.2015 10:07:15
Inserted BAD file: ;SCTEST_6.pdf;23.4.2015 10:07:18
Inserted BAD file: ;SCTEST.pdf;23.4.2015 10:07:56
Inserted BAD file: ;SCTEST_2.pdf;23.4.2015 10:08:18
Inserted BAD file: ;SCTEST_5.pdf;23.4.2015 10:08:22
Inserted BAD file: ;SCTEST_6.pdf;23.4.2015 10:08:25
Inserted BAD file: ;SCTEST.pdf;23.4.2015 10:09:01
Inserted BAD file: ;SCTEST_2.pdf1.png;23.4.2015 10:09:01
Inserted BAD file: ;SCTEST_5.pdf1.png;23.4.2015 10:09:01
Inserted BAD file: ;SCTEST_6.pdf1.png;23.4.2015 10:09:02
Inserted BAD file: ;SCTESTA.pdf;23.4.2015 10:09:15
Inserted BAD file: ;SCTEST_2.pdf;23.4.2015 10:09:49
Inserted BAD file: ;SCTEST_5.pdf;23.4.2015 10:09:54
Inserted BAD file: ;SCTEST_6.pdf;23.4.2015 10:09:57
Inserted BAD file: ;SCTESTA_2.pdf;23.4.2015 10:09:59
Inserted BAD file: ;SCTESTA_5.pdf;23.4.2015 10:10:04
Inserted BAD file: ;SCTESTA_6.pdf;23.4.2015 10:10:07
Inserted file: 15DPFP0400000528_1;.PDF;24.4.2015 8:08:56
Inserted file: 15DPFP0400000529_1;.PDF;24.4.2015 8:09:06
Inserted file: 15DPFP0400000528_2;.PDF;24.4.2015 8:09:29
Inserted file: 15DPFP0400000529_2;.PDF;24.4.2015 8:09:29
Inserted file: 15DPFP0400000528_3;.PDF;24.4.2015 8:09:50
Inserted file: 15DPFP0400000529_3;.PDF;24.4.2015 8:10:00
Inserted file: 15DPFP0400000528_4;.PDF;24.4.2015 8:17:34
Inserted file: 15DPFP0400000529_4;.PDF;24.4.2015 8:17:44
Inserted file: 15DPFP0400000528_1;.PDF;24.4.2015 8:18:47
Inserted file: 15DPFP0400000529_1;.PDF;24.4.2015 8:18:56
Inserted file: 15DPFP0400000528_2;.PDF;24.4.2015 8:19:03
Inserted file: 15DPFP0400000529_2;.PDF;24.4.2015 8:19:11
Inserted file: 15DPFP0400000528_1;.PDF;24.4.2015 8:21:29
Inserted file: 15DPFP0400000529_1;.PDF;24.4.2015 8:21:29
Inserted file: 15DPFP0400000528_2;.PDF;24.4.2015 8:21:35
Inserted file: 15DPFP0400000529_2;.PDF;24.4.2015 8:21:42
Inserted file: 15DPFP0400000528_1;.PDF;24.4.2015 8:22:04
Inserted file: 15DPFP0400000529_1;.PDF;24.4.2015 8:22:11
Inserted file: 15DPFP0400000528_1;.PDF;24.4.2015 8:22:41
Inserted file: 15DPFP0400000529_1;.PDF;24.4.2015 8:22:49
Inserted file: 15DPFP0400000528_1;.PDF;24.4.2015 8:24:03
Inserted file: 15DPFP0400000529_1;.PDF;24.4.2015 8:24:11
Inserted file: 15DPFP0400000528_2;.PDF;24.4.2015 10:01:36
Inserted file: 15DPFP0400000529_2;.PDF;24.4.2015 10:01:36
Inserted file: 15DPFP0400000528_1;.PDF;24.4.2015 10:02:18
Inserted file: 15DPFP0400000529_1;.PDF;24.4.2015 10:02:18
Inserted file: 15DPFP0400000528_1;.PDF;24.4.2015 10:08:33
Inserted file: 15DPFP0400000529_1;.PDF;24.4.2015 10:08:40
Inserted file: 15DPFP0400000528_2;.PDF;24.4.2015 10:10:23
Inserted file: 15DPFP0400000529_2;.PDF;24.4.2015 10:10:30
Inserted file: 15DPFP0400000528_1;.PDF;24.4.2015 10:14:12
Inserted file: 15DPFP0400000529_1;.PDF;24.4.2015 10:14:20
Inserted file: 15DPFP0400000528_1;.PDF;24.4.2015 10:14:45
Inserted file: 15DPFP0400000528_2;.PDF;24.4.2015 10:15:15
Inserted file: 15DPFP0400000529_1;.PDF;24.4.2015 10:15:34
Inserted file: 15DPFP0100007353_1;.PDF;6.8.2015 11:54:56
Inserted BAD file: ;15DPFP0100007353_1_1.PDF;6.8.2015 11:54:56
Inserted file: 15DPFP0100007353_2;.PDF;6.8.2015 11:55:06
Inserted BAD file: ;15DPFP0100007353_1_7.PDF;6.8.2015 11:55:26
Inserted file: 15DPFP0100007353_1;.PDF;6.8.2015 11:56:26
Inserted BAD file: ;15DPFP0100007353_1_7.PDF;6.8.2015 11:56:47
Inserted file: 15DPFP0100007353_1;.PDF;6.8.2015 12:03:14
Inserted BAD file: ;15DPFP0100007353_1_7.PDF;6.8.2015 12:03:34
Inserted BAD file: ;img20150818_0003_13.pdf;18.8.2015 12:21:15
Inserted BAD file: ;img20150818_0003_19.pdf;18.8.2015 12:21:28
Inserted file: 15DPFP0100007893_1;.pdf;18.8.2015 12:21:35
Inserted BAD file: ;img20150818_0003_27.pdf;18.8.2015 12:21:42
Inserted BAD file: ;img20150818_0003_3.pdf;18.8.2015 12:21:48
Inserted BAD file: ;img20150818_0003_31.pdf;18.8.2015 12:21:55
Inserted BAD file: ;img20150818_0003_35.pdf;18.8.2015 12:22:02
Inserted file: 15DPFP0100007889_1;.pdf;18.8.2015 12:22:13
Inserted BAD file: ;img20150818_0003_47.pdf;18.8.2015 12:22:25
Inserted file: 15DPFP0100007887_1;.pdf;18.8.2015 12:22:32
Inserted file: 15DPFP0100007898_1;.pdf;18.8.2015 12:22:43
Inserted file: 15DPFP0100007898_1;.pdf;18.8.2015 12:30:08
Inserted file: 15DPFP0100007897_1;.pdf;18.8.2015 12:30:15
Inserted file: 15DPFP0100007896_1;.pdf;18.8.2015 12:30:27
Inserted BAD file: ;img20150818_0003_600_27.pdf;18.8.2015 12:30:40
Inserted file: 15DPFP0100007894_1;.pdf;18.8.2015 12:30:47
Inserted file: 15DPFP0100007893_1;.pdf;18.8.2015 12:30:55
Inserted file: 15DPFP0100007899_1;.pdf;18.8.2015 12:31:09
Inserted BAD file: ;img18082015_0001_600rep.pdf;18.8.2015 12:45:06
Inserted file: 15DPFP0100007898_1;.pdf;18.8.2015 12:54:56
Inserted file: 15DPFP0100007897_1;.pdf;18.8.2015 12:55:04
Inserted BAD file: ;img20150818_0003_600nrml_21.pdf;18.8.2015 12:55:16
Inserted file: 15DPFP0100007895_1;.pdf;18.8.2015 12:55:30
Inserted file: 15DPFP0100007894_1;.pdf;18.8.2015 12:55:37
Inserted BAD file: ;img20150818_0003_600nrml_35.pdf;18.8.2015 12:55:44
Inserted file: 15DPFP0100007892_1;.pdf;18.8.2015 12:55:52
Inserted file: 15DPFP0100007891_1;.pdf;18.8.2015 12:56:01
Inserted file: 15DPFP0100007890_1;.pdf;18.8.2015 12:56:09
Inserted file: 15DPFP0100007899_1;.pdf;18.8.2015 12:56:23
Inserted file: 15DPFP0100007889_1;.pdf;18.8.2015 12:56:36
Inserted file: 15DPFP0100007888_1;.pdf;18.8.2015 12:56:49
Inserted file: 15DPFP0100007887_1;.pdf;18.8.2015 12:56:57
Inserted BAD file: ;scan_20160310124011_5.PDF;10.3.2016 12:48:33
Inserted BAD file: ;scan_20160310124011_8.PDF;10.3.2016 12:48:39
